<?xml version="1.0" encoding="UTF-8"?>
<testsuite name="com.jinnysaw.myQuiz.MyQuizApplicationTests" time="0.01" tests="1" errors="1" skipped="0" failures="0">
  <properties>
[...]
</properties>
  <testcase name="contextLoads" classname="com.jinnysaw.myQuiz.MyQuizApplicationTests" time="0.01">
    <error message="Failed to load ApplicationContext" type="java.lang.IllegalStateException"><![CDATA[java.lang.IllegalStateException: Failed to load ApplicationContext
	at org.springframework.test.context.cache.DefaultCacheAwareContextLoaderDelegate.loadContext(DefaultCacheAwareContextLoaderDelegate.java:124)
	at org.springframework.test.context.support.DefaultTestContext.getApplicationContext(DefaultTestContext.java:83)
	at org.springframework.test.context.web.ServletTestExecutionListener.setUpRequestContextIfNecessary(ServletTestExecutionListener.java:189)
	at org.springframework.test.context.web.ServletTestExecutionListener.prepareTestInstance(ServletTestExecutionListener.java:131)
	at org.springframework.test.context.TestContextManager.prepareTestInstance(TestContextManager.java:230)
	at org.springframework.test.context.junit4.SpringJUnit4ClassRunner.createTest(SpringJUnit4ClassRunner.java:228)
	at org.springframework.test.context.junit4.SpringJUnit4ClassRunner$1.runReflectiveCall(SpringJUnit4ClassRunner.java:287)
	at org.junit.internal.runners.model.ReflectiveCallable.run(ReflectiveCallable.java:12)
	at org.springframework.test.context.junit4.SpringJUnit4ClassRunner.methodBlock(SpringJUnit4ClassRunner.java:289)
	at org.springframework.test.context.junit4.SpringJUnit4ClassRunner.runChild(SpringJUnit4ClassRunner.java:247)
	at org.springframework.test.context.junit4.SpringJUnit4ClassRunner.runChild(SpringJUnit4ClassRunner.java:94)
	at org.junit.runners.ParentRunner$3.run(ParentRunner.java:290)
	at org.junit.runners.ParentRunner$1.schedule(ParentRunner.java:71)
	at org.junit.runners.ParentRunner.runChildren(ParentRunner.java:288)
	at org.junit.runners.ParentRunner.access$000(ParentRunner.java:58)
	at org.junit.runners.ParentRunner$2.evaluate(ParentRunner.java:268)
	at org.springframework.test.context.junit4.statements.RunBeforeTestClassCallbacks.evaluate(RunBeforeTestClassCallbacks.java:61)
	at org.springframework.test.context.junit4.statements.RunAfterTestClassCallbacks.evaluate(RunAfterTestClassCallbacks.java:70)
	at org.junit.runners.ParentRunner.run(ParentRunner.java:363)
	at org.springframework.test.context.junit4.SpringJUnit4ClassRunner.run(SpringJUnit4ClassRunner.java:191)
	at org.apache.maven.surefire.junit4.JUnit4Provider.execute(JUnit4Provider.java:283)
	at org.apache.maven.surefire.junit4.JUnit4Provider.executeWithRerun(JUnit4Provider.java:173)
	at org.apache.maven.surefire.junit4.JUnit4Provider.executeTestSet(JUnit4Provider.java:153)
	at org.apache.maven.surefire.junit4.JUnit4Provider.invoke(JUnit4Provider.java:128)
	at org.apache.maven.surefire.booter.ForkedBooter.invokeProviderInSameClassLoader(ForkedBooter.java:203)
	at org.apache.maven.surefire.booter.ForkedBooter.runSuitesInProcess(ForkedBooter.java:155)
	at org.apache.maven.surefire.booter.ForkedBooter.main(ForkedBooter.java:103)
Caused by: org.springframework.beans.factory.BeanCreationException: Error creating bean with name 'entityManagerFactory' defined in class path resource [org/springframework/boot/autoconfigure/orm/jpa/HibernateJpaAutoConfiguration.class]: Invocation of init method failed; nested exception is javax.persistence.PersistenceException: [PersistenceUnit: default] Unable to build Hibernate SessionFactory
	at org.springframework.beans.factory.support.AbstractAutowireCapableBeanFactory.initializeBean(AbstractAutowireCapableBeanFactory.java:1628)
	at org.springframework.beans.factory.support.AbstractAutowireCapableBeanFactory.doCreateBean(AbstractAutowireCapableBeanFactory.java:555)
	at org.springframework.beans.factory.support.AbstractAutowireCapableBeanFactory.createBean(AbstractAutowireCapableBeanFactory.java:483)
	at org.springframework.beans.factory.support.AbstractBeanFactory$1.getObject(AbstractBeanFactory.java:306)
	at org.springframework.beans.factory.support.DefaultSingletonBeanRegistry.getSingleton(DefaultSingletonBeanRegistry.java:230)
	at org.springframework.beans.factory.support.AbstractBeanFactory.doGetBean(AbstractBeanFactory.java:302)
	at org.springframework.beans.factory.support.AbstractBeanFactory.getBean(AbstractBeanFactory.java:197)
	at org.springframework.context.support.AbstractApplicationContext.getBean(AbstractApplicationContext.java:1080)
	at org.springframework.context.support.AbstractApplicationContext.finishBeanFactoryInitialization(AbstractApplicationContext.java:857)
	at org.springframework.context.support.AbstractApplicationContext.refresh(AbstractApplicationContext.java:543)
	at org.springframework.boot.SpringApplication.refresh(SpringApplication.java:693)
	at org.springframework.boot.SpringApplication.refreshContext(SpringApplication.java:360)
	at org.springframework.boot.SpringApplication.run(SpringApplication.java:303)
	at org.springframework.boot.test.context.SpringBootContextLoader.loadContext(SpringBootContextLoader.java:120)
	at org.springframework.test.context.cache.DefaultCacheAwareContextLoaderDelegate.loadContextInternal(DefaultCacheAwareContextLoaderDelegate.java:98)
	at org.springframework.test.context.cache.DefaultCacheAwareContextLoaderDelegate.loadContext(DefaultCacheAwareContextLoaderDelegate.java:116)
	at org.springframework.test.context.support.DefaultTestContext.getApplicationContext(DefaultTestContext.java:83)
	at org.springframework.test.context.web.ServletTestExecutionListener.setUpRequestContextIfNecessary(ServletTestExecutionListener.java:189)
	at org.springframework.test.context.web.ServletTestExecutionListener.prepareTestInstance(ServletTestExecutionListener.java:131)
	at org.springframework.test.context.TestContextManager.prepareTestInstance(TestContextManager.java:230)
	at org.springframework.test.context.junit4.SpringJUnit4ClassRunner.createTest(SpringJUnit4ClassRunner.java:228)
	at org.springframework.test.context.junit4.SpringJUnit4ClassRunner$1.runReflectiveCall(SpringJUnit4ClassRunner.java:287)
	at org.junit.internal.runners.model.ReflectiveCallable.run(ReflectiveCallable.java:12)
	at org.springframework.test.context.junit4.SpringJUnit4ClassRunner.methodBlock(SpringJUnit4ClassRunner.java:289)
	at org.springframework.test.context.junit4.SpringJUnit4ClassRunner.runChild(SpringJUnit4ClassRunner.java:247)
	at org.springframework.test.context.junit4.SpringJUnit4ClassRunner.runChild(SpringJUnit4ClassRunner.java:94)
	at org.junit.runners.ParentRunner$3.run(ParentRunner.java:290)
	at org.junit.runners.ParentRunner$1.schedule(ParentRunner.java:71)
	at org.junit.runners.ParentRunner.runChildren(ParentRunner.java:288)
	at org.junit.runners.ParentRunner.access$000(ParentRunner.java:58)
	at org.junit.runners.ParentRunner$2.evaluate(ParentRunner.java:268)
	at org.springframework.test.context.junit4.statements.RunBeforeTestClassCallbacks.evaluate(RunBeforeTestClassCallbacks.java:61)
	at org.springframework.test.context.junit4.statements.RunAfterTestClassCallbacks.evaluate(RunAfterTestClassCallbacks.java:70)
	at org.junit.runners.ParentRunner.run(ParentRunner.java:363)
	at org.springframework.test.context.junit4.SpringJUnit4ClassRunner.run(SpringJUnit4ClassRunner.java:191)
	at org.apache.maven.surefire.junit4.JUnit4Provider.execute(JUnit4Provider.java:283)
	at org.apache.maven.surefire.junit4.JUnit4Provider.executeWithRerun(JUnit4Provider.java:173)
	at org.apache.maven.surefire.junit4.JUnit4Provider.executeTestSet(JUnit4Provider.java:153)
	at org.apache.maven.surefire.junit4.JUnit4Provider.invoke(JUnit4Provider.java:128)
	at org.apache.maven.surefire.booter.ForkedBooter.invokeProviderInSameClassLoader(ForkedBooter.java:203)
	at org.apache.maven.surefire.booter.ForkedBooter.runSuitesInProcess(ForkedBooter.java:155)
	at org.apache.maven.surefire.booter.ForkedBooter.main(ForkedBooter.java:103)
Caused by: javax.persistence.PersistenceException: [PersistenceUnit: default] Unable to build Hibernate SessionFactory
	at org.hibernate.jpa.boot.internal.EntityManagerFactoryBuilderImpl.persistenceException(EntityManagerFactoryBuilderImpl.java:954)
	at org.hibernate.jpa.boot.internal.EntityManagerFactoryBuilderImpl.build(EntityManagerFactoryBuilderImpl.java:882)
	at org.springframework.orm.jpa.vendor.SpringHibernateJpaPersistenceProvider.createContainerEntityManagerFactory(SpringHibernateJpaPersistenceProvider.java:60)
	at org.springframework.orm.jpa.LocalContainerEntityManagerFactoryBean.createNativeEntityManagerFactory(LocalContainerEntityManagerFactoryBean.java:360)
	at org.springframework.orm.jpa.AbstractEntityManagerFactoryBean.buildNativeEntityManagerFactory(AbstractEntityManagerFactoryBean.java:382)
	at org.springframework.orm.jpa.AbstractEntityManagerFactoryBean.afterPropertiesSet(AbstractEntityManagerFactoryBean.java:371)
	at org.springframework.orm.jpa.LocalContainerEntityManagerFactoryBean.afterPropertiesSet(LocalContainerEntityManagerFactoryBean.java:336)
	at org.springframework.beans.factory.support.AbstractAutowireCapableBeanFactory.invokeInitMethods(AbstractAutowireCapableBeanFactory.java:1687)
	at org.springframework.beans.factory.support.AbstractAutowireCapableBeanFactory.initializeBean(AbstractAutowireCapableBeanFactory.java:1624)
	at org.springframework.beans.factory.support.AbstractAutowireCapableBeanFactory.doCreateBean(AbstractAutowireCapableBeanFactory.java:555)
	at org.springframework.beans.factory.support.AbstractAutowireCapableBeanFactory.createBean(AbstractAutowireCapableBeanFactory.java:483)
	at org.springframework.beans.factory.support.AbstractBeanFactory$1.getObject(AbstractBeanFactory.java:306)
	at org.springframework.beans.factory.support.DefaultSingletonBeanRegistry.getSingleton(DefaultSingletonBeanRegistry.java:230)
	at org.springframework.beans.factory.support.AbstractBeanFactory.doGetBean(AbstractBeanFactory.java:302)
	at org.springframework.beans.factory.support.AbstractBeanFactory.getBean(AbstractBeanFactory.java:197)
	at org.springframework.context.support.AbstractApplicationContext.getBean(AbstractApplicationContext.java:1080)
	at org.springframework.context.support.AbstractApplicationContext.finishBeanFactoryInitialization(AbstractApplicationContext.java:857)
	at org.springframework.context.support.AbstractApplicationContext.refresh(AbstractApplicationContext.java:543)
	at org.springframework.boot.SpringApplication.refresh(SpringApplication.java:693)
	at org.springframework.boot.SpringApplication.refreshContext(SpringApplication.java:360)
	at org.springframework.boot.SpringApplication.run(SpringApplication.java:303)
	at org.springframework.boot.test.context.SpringBootContextLoader.loadContext(SpringBootContextLoader.java:120)
	at org.springframework.test.context.cache.DefaultCacheAwareContextLoaderDelegate.loadContextInternal(DefaultCacheAwareContextLoaderDelegate.java:98)
	at org.springframework.test.context.cache.DefaultCacheAwareContextLoaderDelegate.loadContext(DefaultCacheAwareContextLoaderDelegate.java:116)
	at org.springframework.test.context.support.DefaultTestContext.getApplicationContext(DefaultTestContext.java:83)
	at org.springframework.test.context.web.ServletTestExecutionListener.setUpRequestContextIfNecessary(ServletTestExecutionListener.java:189)
	at org.springframework.test.context.web.ServletTestExecutionListener.prepareTestInstance(ServletTestExecutionListener.java:131)
	at org.springframework.test.context.TestContextManager.prepareTestInstance(TestContextManager.java:230)
	at org.springframework.test.context.junit4.SpringJUnit4ClassRunner.createTest(SpringJUnit4ClassRunner.java:228)
	at org.springframework.test.context.junit4.SpringJUnit4ClassRunner$1.runReflectiveCall(SpringJUnit4ClassRunner.java:287)
	at org.junit.internal.runners.model.ReflectiveCallable.run(ReflectiveCallable.java:12)
	at org.springframework.test.context.junit4.SpringJUnit4ClassRunner.methodBlock(SpringJUnit4ClassRunner.java:289)
	at org.springframework.test.context.junit4.SpringJUnit4ClassRunner.runChild(SpringJUnit4ClassRunner.java:247)
	at org.springframework.test.context.junit4.SpringJUnit4ClassRunner.runChild(SpringJUnit4ClassRunner.java:94)
	at org.junit.runners.ParentRunner$3.run(ParentRunner.java:290)
	at org.junit.runners.ParentRunner$1.schedule(ParentRunner.java:71)
	at org.junit.runners.ParentRunner.runChildren(ParentRunner.java:288)
	at org.junit.runners.ParentRunner.access$000(ParentRunner.java:58)
	at org.junit.runners.ParentRunner$2.evaluate(ParentRunner.java:268)
	at org.springframework.test.context.junit4.statements.RunBeforeTestClassCallbacks.evaluate(RunBeforeTestClassCallbacks.java:61)
	at org.springframework.test.context.junit4.statements.RunAfterTestClassCallbacks.evaluate(RunAfterTestClassCallbacks.java:70)
	at org.junit.runners.ParentRunner.run(ParentRunner.java:363)
	at org.springframework.test.context.junit4.SpringJUnit4ClassRunner.run(SpringJUnit4ClassRunner.java:191)
	at org.apache.maven.surefire.junit4.JUnit4Provider.execute(JUnit4Provider.java:283)
	at org.apache.maven.surefire.junit4.JUnit4Provider.executeWithRerun(JUnit4Provider.java:173)
	at org.apache.maven.surefire.junit4.JUnit4Provider.executeTestSet(JUnit4Provider.java:153)
	at org.apache.maven.surefire.junit4.JUnit4Provider.invoke(JUnit4Provider.java:128)
	at org.apache.maven.surefire.booter.ForkedBooter.invokeProviderInSameClassLoader(ForkedBooter.java:203)
	at org.apache.maven.surefire.booter.ForkedBooter.runSuitesInProcess(ForkedBooter.java:155)
	at org.apache.maven.surefire.booter.ForkedBooter.main(ForkedBooter.java:103)
Caused by: org.hibernate.loader.MultipleBagFetchException: cannot simultaneously fetch multiple bags: [com.jinnysaw.myQuiz.models.School.academicyears, com.jinnysaw.myQuiz.models.School.teachers]
	at org.hibernate.loader.plan.exec.internal.AbstractLoadQueryDetails.generate(AbstractLoadQueryDetails.java:178)
	at org.hibernate.loader.plan.exec.internal.EntityLoadQueryDetails.<init>(EntityLoadQueryDetails.java:89)
	at org.hibernate.loader.plan.exec.internal.BatchingLoadQueryDetailsFactory.makeEntityLoadQueryDetails(BatchingLoadQueryDetailsFactory.java:61)
	at org.hibernate.loader.entity.plan.AbstractLoadPlanBasedEntityLoader.<init>(AbstractLoadPlanBasedEntityLoader.java:82)
	at org.hibernate.loader.entity.plan.EntityLoader.<init>(EntityLoader.java:103)
	at org.hibernate.loader.entity.plan.EntityLoader.<init>(EntityLoader.java:38)
	at org.hibernate.loader.entity.plan.EntityLoader$Builder.byUniqueKey(EntityLoader.java:83)
	at org.hibernate.loader.entity.plan.EntityLoader$Builder.byPrimaryKey(EntityLoader.java:77)
	at org.hibernate.loader.entity.plan.AbstractBatchingEntityLoaderBuilder.buildNonBatchingLoader(AbstractBatchingEntityLoaderBuilder.java:30)
	at org.hibernate.loader.entity.BatchingEntityLoaderBuilder.buildLoader(BatchingEntityLoaderBuilder.java:59)
	at org.hibernate.persister.entity.AbstractEntityPersister.createEntityLoader(AbstractEntityPersister.java:2306)
	at org.hibernate.persister.entity.AbstractEntityPersister.createEntityLoader(AbstractEntityPersister.java:2328)
	at org.hibernate.persister.entity.AbstractEntityPersister.createLoaders(AbstractEntityPersister.java:3928)
	at org.hibernate.persister.entity.AbstractEntityPersister.postInstantiate(AbstractEntityPersister.java:3910)
	at org.hibernate.internal.SessionFactoryImpl.<init>(SessionFactoryImpl.java:446)
	at org.hibernate.boot.internal.SessionFactoryBuilderImpl.build(SessionFactoryBuilderImpl.java:444)
	at org.hibernate.jpa.boot.internal.EntityManagerFactoryBuilderImpl.build(EntityManagerFactoryBuilderImpl.java:879)
	at org.springframework.orm.jpa.vendor.SpringHibernateJpaPersistenceProvider.createContainerEntityManagerFactory(SpringHibernateJpaPersistenceProvider.java:60)
	at org.springframework.orm.jpa.LocalContainerEntityManagerFactoryBean.createNativeEntityManagerFactory(LocalContainerEntityManagerFactoryBean.java:360)
	at org.springframework.orm.jpa.AbstractEntityManagerFactoryBean.buildNativeEntityManagerFactory(AbstractEntityManagerFactoryBean.java:382)
	at org.springframework.orm.jpa.AbstractEntityManagerFactoryBean.afterPropertiesSet(AbstractEntityManagerFactoryBean.java:371)
	at org.springframework.orm.jpa.LocalContainerEntityManagerFactoryBean.afterPropertiesSet(LocalContainerEntityManagerFactoryBean.java:336)
	at org.springframework.beans.factory.support.AbstractAutowireCapableBeanFactory.invokeInitMethods(AbstractAutowireCapableBeanFactory.java:1687)
	at org.springframework.beans.factory.support.AbstractAutowireCapableBeanFactory.initializeBean(AbstractAutowireCapableBeanFactory.java:1624)
	at org.springframework.beans.factory.support.AbstractAutowireCapableBeanFactory.doCreateBean(AbstractAutowireCapableBeanFactory.java:555)
	at org.springframework.beans.factory.support.AbstractAutowireCapableBeanFactory.createBean(AbstractAutowireCapableBeanFactory.java:483)
	at org.springframework.beans.factory.support.AbstractBeanFactory$1.getObject(AbstractBeanFactory.java:306)
	at org.springframework.beans.factory.support.DefaultSingletonBeanRegistry.getSingleton(DefaultSingletonBeanRegistry.java:230)
	at org.springframework.beans.factory.support.AbstractBeanFactory.doGetBean(AbstractBeanFactory.java:302)
	at org.springframework.beans.factory.support.AbstractBeanFactory.getBean(AbstractBeanFactory.java:197)
	at org.springframework.context.support.AbstractApplicationContext.getBean(AbstractApplicationContext.java:1080)
	at org.springframework.context.support.AbstractApplicationContext.finishBeanFactoryInitialization(AbstractApplicationContext.java:857)
	at org.springframework.context.support.AbstractApplicationContext.refresh(AbstractApplicationContext.java:543)
	at org.springframework.boot.SpringApplication.refresh(SpringApplication.java:693)
	at org.springframework.boot.SpringApplication.refreshContext(SpringApplication.java:360)
	at org.springframework.boot.SpringApplication.run(SpringApplication.java:303)
	at org.springframework.boot.test.context.SpringBootContextLoader.loadContext(SpringBootContextLoader.java:120)
	at org.springframework.test.context.cache.DefaultCacheAwareContextLoaderDelegate.loadContextInternal(DefaultCacheAwareContextLoaderDelegate.java:98)
	at org.springframework.test.context.cache.DefaultCacheAwareContextLoaderDelegate.loadContext(DefaultCacheAwareContextLoaderDelegate.java:116)
	at org.springframework.test.context.support.DefaultTestContext.getApplicationContext(DefaultTestContext.java:83)
	at org.springframework.test.context.web.ServletTestExecutionListener.setUpRequestContextIfNecessary(ServletTestExecutionListener.java:189)
	at org.springframework.test.context.web.ServletTestExecutionListener.prepareTestInstance(ServletTestExecutionListener.java:131)
	at org.springframework.test.context.TestContextManager.prepareTestInstance(TestContextManager.java:230)
	at org.springframework.test.context.junit4.SpringJUnit4ClassRunner.createTest(SpringJUnit4ClassRunner.java:228)
	at org.springframework.test.context.junit4.SpringJUnit4ClassRunner$1.runReflectiveCall(SpringJUnit4ClassRunner.java:287)
	at org.junit.internal.runners.model.ReflectiveCallable.run(ReflectiveCallable.java:12)
	at org.springframework.test.context.junit4.SpringJUnit4ClassRunner.methodBlock(SpringJUnit4ClassRunner.java:289)
	at org.springframework.test.context.junit4.SpringJUnit4ClassRunner.runChild(SpringJUnit4ClassRunner.java:247)
	at org.springframework.test.context.junit4.SpringJUnit4ClassRunner.runChild(SpringJUnit4ClassRunner.java:94)
	at org.junit.runners.ParentRunner$3.run(ParentRunner.java:290)
	at org.junit.runners.ParentRunner$1.schedule(ParentRunner.java:71)
	at org.junit.runners.ParentRunner.runChildren(ParentRunner.java:288)
	at org.junit.runners.ParentRunner.access$000(ParentRunner.java:58)
	at org.junit.runners.ParentRunner$2.evaluate(ParentRunner.java:268)
	at org.springframework.test.context.junit4.statements.RunBeforeTestClassCallbacks.evaluate(RunBeforeTestClassCallbacks.java:61)
	at org.springframework.test.context.junit4.statements.RunAfterTestClassCallbacks.evaluate(RunAfterTestClassCallbacks.java:70)
	at org.junit.runners.ParentRunner.run(ParentRunner.java:363)
	at org.springframework.test.context.junit4.SpringJUnit4ClassRunner.run(SpringJUnit4ClassRunner.java:191)
	at org.apache.maven.surefire.junit4.JUnit4Provider.execute(JUnit4Provider.java:283)
	at org.apache.maven.surefire.junit4.JUnit4Provider.executeWithRerun(JUnit4Provider.java:173)
	at org.apache.maven.surefire.junit4.JUnit4Provider.executeTestSet(JUnit4Provider.java:153)
	at org.apache.maven.surefire.junit4.JUnit4Provider.invoke(JUnit4Provider.java:128)
	at org.apache.maven.surefire.booter.ForkedBooter.invokeProviderInSameClassLoader(ForkedBooter.java:203)
	at org.apache.maven.surefire.booter.ForkedBooter.runSuitesInProcess(ForkedBooter.java:155)
	at org.apache.maven.surefire.booter.ForkedBooter.main(ForkedBooter.java:103)
]]></error>
    <system-out><![CDATA[21:22:10.436 [main] DEBUG org.springframework.test.context.junit4.SpringJUnit4ClassRunner - SpringJUnit4ClassRunner constructor called with [class com.jinnysaw.myQuiz.MyQuizApplicationTests]
21:22:10.447 [main] DEBUG org.springframework.test.context.BootstrapUtils - Instantiating CacheAwareContextLoaderDelegate from class [org.springframework.test.context.cache.DefaultCacheAwareContextLoaderDelegate]
21:22:10.459 [main] DEBUG org.springframework.test.context.BootstrapUtils - Instantiating BootstrapContext using constructor [public org.springframework.test.context.support.DefaultBootstrapContext(java.lang.Class,org.springframework.test.context.CacheAwareContextLoaderDelegate)]
21:22:10.479 [main] DEBUG org.springframework.test.context.BootstrapUtils - Instantiating TestContextBootstrapper for test class [com.jinnysaw.myQuiz.MyQuizApplicationTests] from class [org.springframework.boot.test.context.SpringBootTestContextBootstrapper]
21:22:10.490 [main] INFO org.springframework.boot.test.context.SpringBootTestContextBootstrapper - Neither @ContextConfiguration nor @ContextHierarchy found for test class [com.jinnysaw.myQuiz.MyQuizApplicationTests], using SpringBootContextLoader
21:22:10.493 [main] DEBUG org.springframework.test.context.support.AbstractContextLoader - Did not detect default resource location for test class [com.jinnysaw.myQuiz.MyQuizApplicationTests]: class path resource [com/jinnysaw/myQuiz/MyQuizApplicationTests-context.xml] does not exist
21:22:10.493 [main] DEBUG org.springframework.test.context.support.AbstractContextLoader - Did not detect default resource location for test class [com.jinnysaw.myQuiz.MyQuizApplicationTests]: class path resource [com/jinnysaw/myQuiz/MyQuizApplicationTestsContext.groovy] does not exist
21:22:10.494 [main] INFO org.springframework.test.context.support.AbstractContextLoader - Could not detect default resource locations for test class [com.jinnysaw.myQuiz.MyQuizApplicationTests]: no resource found for suffixes {-context.xml, Context.groovy}.
21:22:10.494 [main] INFO org.springframework.test.context.support.AnnotationConfigContextLoaderUtils - Could not detect default configuration classes for test class [com.jinnysaw.myQuiz.MyQuizApplicationTests]: MyQuizApplicationTests does not declare any static, non-private, non-final, nested classes annotated with @Configuration.
21:22:10.532 [main] DEBUG org.springframework.test.context.support.ActiveProfilesUtils - Could not find an 'annotation declaring class' for annotation type [org.springframework.test.context.ActiveProfiles] and class [com.jinnysaw.myQuiz.MyQuizApplicationTests]
21:22:10.541 [main] DEBUG org.springframework.core.env.StandardEnvironment - Adding PropertySource 'systemProperties' with lowest search precedence
21:22:10.542 [main] DEBUG org.springframework.core.env.StandardEnvironment - Adding PropertySource 'systemEnvironment' with lowest search precedence
21:22:10.543 [main] DEBUG org.springframework.core.env.StandardEnvironment - Initialized StandardEnvironment with PropertySources [MapPropertySource@1260134048 {name='systemProperties', properties={java.runtime.name=Java(TM) SE Runtime Environment, sun.boot.library.path=/Library/Java/JavaVirtualMachines/jdk1.8.0_121.jdk/Contents/Home/jre/lib, java.vm.version=25.121-b13, gopherProxySet=false, java.vm.vendor=Oracle Corporation, java.vendor.url=http://java.oracle.com/, path.separator=:, java.vm.name=Java HotSpot(TM) 64-Bit Server VM, file.encoding.pkg=sun.io, user.country=US, sun.java.launcher=SUN_STANDARD, sun.os.patch.level=unknown, java.vm.specification.name=Java Virtual Machine Specification, user.dir=/Users/jinnysaw/Desktop/MyLearningPool/Spring/myQuiz, java.runtime.version=1.8.0_121-b13, basedir=/Users/jinnysaw/Desktop/MyLearningPool/Spring/myQuiz, java.awt.graphicsenv=sun.awt.CGraphicsEnvironment, java.endorsed.dirs=/Library/Java/JavaVirtualMachines/jdk1.8.0_121.jdk/Contents/Home/jre/lib/endorsed, os.arch=x86_64, surefire.real.class.path=/Users/jinnysaw/Desktop/MyLearningPool/Spring/myQuiz/target/surefire/surefirebooter9166732528278361819.jar, java.io.tmpdir=/var/folders/fb/wc2v_3m17w1bp8z8kcdzf6w80000gn/T/, line.separator=
, java.vm.specification.vendor=Oracle Corporation, os.name=Mac OS X, sun.jnu.encoding=UTF-8, java.library.path=/Users/jinnysaw/Library/Java/Extensions:/Library/Java/Extensions:/Network/Library/Java/Extensions:/System/Library/Java/Extensions:/usr/lib/java:., surefire.test.class.path=/Users/jinnysaw/Desktop/MyLearningPool/Spring/myQuiz/target/test-classes:/Users/jinnysaw/Desktop/MyLearningPool/Spring/myQuiz/target/classes:/Users/jinnysaw/.m2/repository/org/springframework/boot/spring-boot-starter-data-jpa/1.5.9.RELEASE/spring-boot-starter-data-jpa-1.5.9.RELEASE.jar:/Users/jinnysaw/.m2/repository/org/springframework/boot/spring-boot-starter/1.5.9.RELEASE/spring-boot-starter-1.5.9.RELEASE.jar:/Users/jinnysaw/.m2/repository/org/springframework/boot/spring-boot-starter-logging/1.5.9.RELEASE/spring-boot-starter-logging-1.5.9.RELEASE.jar:/Users/jinnysaw/.m2/repository/ch/qos/logback/logback-classic/1.1.11/logback-classic-1.1.11.jar:/Users/jinnysaw/.m2/repository/ch/qos/logback/logback-core/1.1.11/logback-core-1.1.11.jar:/Users/jinnysaw/.m2/repository/org/slf4j/jul-to-slf4j/1.7.25/jul-to-slf4j-1.7.25.jar:/Users/jinnysaw/.m2/repository/org/slf4j/log4j-over-slf4j/1.7.25/log4j-over-slf4j-1.7.25.jar:/Users/jinnysaw/.m2/repository/org/yaml/snakeyaml/1.17/snakeyaml-1.17.jar:/Users/jinnysaw/.m2/repository/org/springframework/boot/spring-boot-starter-aop/1.5.9.RELEASE/spring-boot-starter-aop-1.5.9.RELEASE.jar:/Users/jinnysaw/.m2/repository/org/springframework/spring-aop/4.3.13.RELEASE/spring-aop-4.3.13.RELEASE.jar:/Users/jinnysaw/.m2/repository/org/aspectj/aspectjweaver/1.8.13/aspectjweaver-1.8.13.jar:/Users/jinnysaw/.m2/repository/org/springframework/boot/spring-boot-starter-jdbc/1.5.9.RELEASE/spring-boot-starter-jdbc-1.5.9.RELEASE.jar:/Users/jinnysaw/.m2/repository/org/apache/tomcat/tomcat-jdbc/8.5.23/tomcat-jdbc-8.5.23.jar:/Users/jinnysaw/.m2/repository/org/apache/tomcat/tomcat-juli/8.5.23/tomcat-juli-8.5.23.jar:/Users/jinnysaw/.m2/repository/org/springframework/spring-jdbc/4.3.13.RELEASE/spring-jdbc-4.3.13.RELEASE.jar:/Users/jinnysaw/.m2/repository/org/hibernate/hibernate-core/5.0.12.Final/hibernate-core-5.0.12.Final.jar:/Users/jinnysaw/.m2/repository/org/jboss/logging/jboss-logging/3.3.1.Final/jboss-logging-3.3.1.Final.jar:/Users/jinnysaw/.m2/repository/org/hibernate/javax/persistence/hibernate-jpa-2.1-api/1.0.0.Final/hibernate-jpa-2.1-api-1.0.0.Final.jar:/Users/jinnysaw/.m2/repository/org/javassist/javassist/3.21.0-GA/javassist-3.21.0-GA.jar:/Users/jinnysaw/.m2/repository/antlr/antlr/2.7.7/antlr-2.7.7.jar:/Users/jinnysaw/.m2/repository/org/jboss/jandex/2.0.0.Final/jandex-2.0.0.Final.jar:/Users/jinnysaw/.m2/repository/dom4j/dom4j/1.6.1/dom4j-1.6.1.jar:/Users/jinnysaw/.m2/repository/org/hibernate/common/hibernate-commons-annotations/5.0.1.Final/hibernate-commons-annotations-5.0.1.Final.jar:/Users/jinnysaw/.m2/repository/org/hibernate/hibernate-entitymanager/5.0.12.Final/hibernate-entitymanager-5.0.12.Final.jar:/Users/jinnysaw/.m2/repository/javax/transaction/javax.transaction-api/1.2/javax.transaction-api-1.2.jar:/Users/jinnysaw/.m2/repository/org/springframework/data/spring-data-jpa/1.11.9.RELEASE/spring-data-jpa-1.11.9.RELEASE.jar:/Users/jinnysaw/.m2/repository/org/springframework/data/spring-data-commons/1.13.9.RELEASE/spring-data-commons-1.13.9.RELEASE.jar:/Users/jinnysaw/.m2/repository/org/springframework/spring-orm/4.3.13.RELEASE/spring-orm-4.3.13.RELEASE.jar:/Users/jinnysaw/.m2/repository/org/springframework/spring-context/4.3.13.RELEASE/spring-context-4.3.13.RELEASE.jar:/Users/jinnysaw/.m2/repository/org/springframework/spring-tx/4.3.13.RELEASE/spring-tx-4.3.13.RELEASE.jar:/Users/jinnysaw/.m2/repository/org/springframework/spring-beans/4.3.13.RELEASE/spring-beans-4.3.13.RELEASE.jar:/Users/jinnysaw/.m2/repository/org/slf4j/slf4j-api/1.7.25/slf4j-api-1.7.25.jar:/Users/jinnysaw/.m2/repository/org/slf4j/jcl-over-slf4j/1.7.25/jcl-over-slf4j-1.7.25.jar:/Users/jinnysaw/.m2/repository/org/springframework/spring-aspects/4.3.13.RELEASE/spring-aspects-4.3.13.RELEASE.jar:/Users/jinnysaw/.m2/repository/org/springframework/boot/spring-boot-starter-web/1.5.9.RELEASE/spring-boot-starter-web-1.5.9.RELEASE.jar:/Users/jinnysaw/.m2/repository/org/springframework/boot/spring-boot-starter-tomcat/1.5.9.RELEASE/spring-boot-starter-tomcat-1.5.9.RELEASE.jar:/Users/jinnysaw/.m2/repository/org/apache/tomcat/embed/tomcat-embed-core/8.5.23/tomcat-embed-core-8.5.23.jar:/Users/jinnysaw/.m2/repository/org/apache/tomcat/tomcat-annotations-api/8.5.23/tomcat-annotations-api-8.5.23.jar:/Users/jinnysaw/.m2/repository/org/apache/tomcat/embed/tomcat-embed-el/8.5.23/tomcat-embed-el-8.5.23.jar:/Users/jinnysaw/.m2/repository/org/apache/tomcat/embed/tomcat-embed-websocket/8.5.23/tomcat-embed-websocket-8.5.23.jar:/Users/jinnysaw/.m2/repository/org/hibernate/hibernate-validator/5.3.6.Final/hibernate-validator-5.3.6.Final.jar:/Users/jinnysaw/.m2/repository/javax/validation/validation-api/1.1.0.Final/validation-api-1.1.0.Final.jar:/Users/jinnysaw/.m2/repository/com/fasterxml/classmate/1.3.4/classmate-1.3.4.jar:/Users/jinnysaw/.m2/repository/com/fasterxml/jackson/core/jackson-databind/2.8.10/jackson-databind-2.8.10.jar:/Users/jinnysaw/.m2/repository/com/fasterxml/jackson/core/jackson-annotations/2.8.0/jackson-annotations-2.8.0.jar:/Users/jinnysaw/.m2/repository/com/fasterxml/jackson/core/jackson-core/2.8.10/jackson-core-2.8.10.jar:/Users/jinnysaw/.m2/repository/org/springframework/spring-web/4.3.13.RELEASE/spring-web-4.3.13.RELEASE.jar:/Users/jinnysaw/.m2/repository/org/springframework/spring-webmvc/4.3.13.RELEASE/spring-webmvc-4.3.13.RELEASE.jar:/Users/jinnysaw/.m2/repository/org/springframework/spring-expression/4.3.13.RELEASE/spring-expression-4.3.13.RELEASE.jar:/Users/jinnysaw/.m2/repository/org/springframework/boot/spring-boot-devtools/1.5.9.RELEASE/spring-boot-devtools-1.5.9.RELEASE.jar:/Users/jinnysaw/.m2/repository/org/springframework/boot/spring-boot/1.5.9.RELEASE/spring-boot-1.5.9.RELEASE.jar:/Users/jinnysaw/.m2/repository/org/springframework/boot/spring-boot-autoconfigure/1.5.9.RELEASE/spring-boot-autoconfigure-1.5.9.RELEASE.jar:/Users/jinnysaw/.m2/repository/mysql/mysql-connector-java/5.1.44/mysql-connector-java-5.1.44.jar:/Users/jinnysaw/.m2/repository/org/springframework/boot/spring-boot-starter-test/1.5.9.RELEASE/spring-boot-starter-test-1.5.9.RELEASE.jar:/Users/jinnysaw/.m2/repository/org/springframework/boot/spring-boot-test/1.5.9.RELEASE/spring-boot-test-1.5.9.RELEASE.jar:/Users/jinnysaw/.m2/repository/org/springframework/boot/spring-boot-test-autoconfigure/1.5.9.RELEASE/spring-boot-test-autoconfigure-1.5.9.RELEASE.jar:/Users/jinnysaw/.m2/repository/com/jayway/jsonpath/json-path/2.2.0/json-path-2.2.0.jar:/Users/jinnysaw/.m2/repository/net/minidev/json-smart/2.2.1/json-smart-2.2.1.jar:/Users/jinnysaw/.m2/repository/net/minidev/accessors-smart/1.1/accessors-smart-1.1.jar:/Users/jinnysaw/.m2/repository/org/ow2/asm/asm/5.0.3/asm-5.0.3.jar:/Users/jinnysaw/.m2/repository/junit/junit/4.12/junit-4.12.jar:/Users/jinnysaw/.m2/repository/org/assertj/assertj-core/2.6.0/assertj-core-2.6.0.jar:/Users/jinnysaw/.m2/repository/org/mockito/mockito-core/1.10.19/mockito-core-1.10.19.jar:/Users/jinnysaw/.m2/repository/org/objenesis/objenesis/2.1/objenesis-2.1.jar:/Users/jinnysaw/.m2/repository/org/hamcrest/hamcrest-core/1.3/hamcrest-core-1.3.jar:/Users/jinnysaw/.m2/repository/org/hamcrest/hamcrest-library/1.3/hamcrest-library-1.3.jar:/Users/jinnysaw/.m2/repository/org/skyscreamer/jsonassert/1.4.0/jsonassert-1.4.0.jar:/Users/jinnysaw/.m2/repository/com/vaadin/external/google/android-json/0.0.20131108.vaadin1/android-json-0.0.20131108.vaadin1.jar:/Users/jinnysaw/.m2/repository/org/springframework/spring-core/4.3.13.RELEASE/spring-core-4.3.13.RELEASE.jar:/Users/jinnysaw/.m2/repository/org/springframework/spring-test/4.3.13.RELEASE/spring-test-4.3.13.RELEASE.jar:, java.specification.name=Java Platform API Specification, java.class.version=52.0, sun.management.compiler=HotSpot 64-Bit Tiered Compilers, os.version=10.13.3, http.nonProxyHosts=local|*.local|169.254/16|*.169.254/16, user.home=/Users/jinnysaw, user.timezone=Asia/Rangoon, java.awt.printerjob=sun.lwawt.macosx.CPrinterJob, file.encoding=UTF-8, java.specification.version=1.8, java.class.path=/Users/jinnysaw/Desktop/MyLearningPool/Spring/myQuiz/target/test-classes:/Users/jinnysaw/Desktop/MyLearningPool/Spring/myQuiz/target/classes:/Users/jinnysaw/.m2/repository/org/springframework/boot/spring-boot-starter-data-jpa/1.5.9.RELEASE/spring-boot-starter-data-jpa-1.5.9.RELEASE.jar:/Users/jinnysaw/.m2/repository/org/springframework/boot/spring-boot-starter/1.5.9.RELEASE/spring-boot-starter-1.5.9.RELEASE.jar:/Users/jinnysaw/.m2/repository/org/springframework/boot/spring-boot-starter-logging/1.5.9.RELEASE/spring-boot-starter-logging-1.5.9.RELEASE.jar:/Users/jinnysaw/.m2/repository/ch/qos/logback/logback-classic/1.1.11/logback-classic-1.1.11.jar:/Users/jinnysaw/.m2/repository/ch/qos/logback/logback-core/1.1.11/logback-core-1.1.11.jar:/Users/jinnysaw/.m2/repository/org/slf4j/jul-to-slf4j/1.7.25/jul-to-slf4j-1.7.25.jar:/Users/jinnysaw/.m2/repository/org/slf4j/log4j-over-slf4j/1.7.25/log4j-over-slf4j-1.7.25.jar:/Users/jinnysaw/.m2/repository/org/yaml/snakeyaml/1.17/snakeyaml-1.17.jar:/Users/jinnysaw/.m2/repository/org/springframework/boot/spring-boot-starter-aop/1.5.9.RELEASE/spring-boot-starter-aop-1.5.9.RELEASE.jar:/Users/jinnysaw/.m2/repository/org/springframework/spring-aop/4.3.13.RELEASE/spring-aop-4.3.13.RELEASE.jar:/Users/jinnysaw/.m2/repository/org/aspectj/aspectjweaver/1.8.13/aspectjweaver-1.8.13.jar:/Users/jinnysaw/.m2/repository/org/springframework/boot/spring-boot-starter-jdbc/1.5.9.RELEASE/spring-boot-starter-jdbc-1.5.9.RELEASE.jar:/Users/jinnysaw/.m2/repository/org/apache/tomcat/tomcat-jdbc/8.5.23/tomcat-jdbc-8.5.23.jar:/Users/jinnysaw/.m2/repository/org/apache/tomcat/tomcat-juli/8.5.23/tomcat-juli-8.5.23.jar:/Users/jinnysaw/.m2/repository/org/springframework/spring-jdbc/4.3.13.RELEASE/spring-jdbc-4.3.13.RELEASE.jar:/Users/jinnysaw/.m2/repository/org/hibernate/hibernate-core/5.0.12.Final/hibernate-core-5.0.12.Final.jar:/Users/jinnysaw/.m2/repository/org/jboss/logging/jboss-logging/3.3.1.Final/jboss-logging-3.3.1.Final.jar:/Users/jinnysaw/.m2/repository/org/hibernate/javax/persistence/hibernate-jpa-2.1-api/1.0.0.Final/hibernate-jpa-2.1-api-1.0.0.Final.jar:/Users/jinnysaw/.m2/repository/org/javassist/javassist/3.21.0-GA/javassist-3.21.0-GA.jar:/Users/jinnysaw/.m2/repository/antlr/antlr/2.7.7/antlr-2.7.7.jar:/Users/jinnysaw/.m2/repository/org/jboss/jandex/2.0.0.Final/jandex-2.0.0.Final.jar:/Users/jinnysaw/.m2/repository/dom4j/dom4j/1.6.1/dom4j-1.6.1.jar:/Users/jinnysaw/.m2/repository/org/hibernate/common/hibernate-commons-annotations/5.0.1.Final/hibernate-commons-annotations-5.0.1.Final.jar:/Users/jinnysaw/.m2/repository/org/hibernate/hibernate-entitymanager/5.0.12.Final/hibernate-entitymanager-5.0.12.Final.jar:/Users/jinnysaw/.m2/repository/javax/transaction/javax.transaction-api/1.2/javax.transaction-api-1.2.jar:/Users/jinnysaw/.m2/repository/org/springframework/data/spring-data-jpa/1.11.9.RELEASE/spring-data-jpa-1.11.9.RELEASE.jar:/Users/jinnysaw/.m2/repository/org/springframework/data/spring-data-commons/1.13.9.RELEASE/spring-data-commons-1.13.9.RELEASE.jar:/Users/jinnysaw/.m2/repository/org/springframework/spring-orm/4.3.13.RELEASE/spring-orm-4.3.13.RELEASE.jar:/Users/jinnysaw/.m2/repository/org/springframework/spring-context/4.3.13.RELEASE/spring-context-4.3.13.RELEASE.jar:/Users/jinnysaw/.m2/repository/org/springframework/spring-tx/4.3.13.RELEASE/spring-tx-4.3.13.RELEASE.jar:/Users/jinnysaw/.m2/repository/org/springframework/spring-beans/4.3.13.RELEASE/spring-beans-4.3.13.RELEASE.jar:/Users/jinnysaw/.m2/repository/org/slf4j/slf4j-api/1.7.25/slf4j-api-1.7.25.jar:/Users/jinnysaw/.m2/repository/org/slf4j/jcl-over-slf4j/1.7.25/jcl-over-slf4j-1.7.25.jar:/Users/jinnysaw/.m2/repository/org/springframework/spring-aspects/4.3.13.RELEASE/spring-aspects-4.3.13.RELEASE.jar:/Users/jinnysaw/.m2/repository/org/springframework/boot/spring-boot-starter-web/1.5.9.RELEASE/spring-boot-starter-web-1.5.9.RELEASE.jar:/Users/jinnysaw/.m2/repository/org/springframework/boot/spring-boot-starter-tomcat/1.5.9.RELEASE/spring-boot-starter-tomcat-1.5.9.RELEASE.jar:/Users/jinnysaw/.m2/repository/org/apache/tomcat/embed/tomcat-embed-core/8.5.23/tomcat-embed-core-8.5.23.jar:/Users/jinnysaw/.m2/repository/org/apache/tomcat/tomcat-annotations-api/8.5.23/tomcat-annotations-api-8.5.23.jar:/Users/jinnysaw/.m2/repository/org/apache/tomcat/embed/tomcat-embed-el/8.5.23/tomcat-embed-el-8.5.23.jar:/Users/jinnysaw/.m2/repository/org/apache/tomcat/embed/tomcat-embed-websocket/8.5.23/tomcat-embed-websocket-8.5.23.jar:/Users/jinnysaw/.m2/repository/org/hibernate/hibernate-validator/5.3.6.Final/hibernate-validator-5.3.6.Final.jar:/Users/jinnysaw/.m2/repository/javax/validation/validation-api/1.1.0.Final/validation-api-1.1.0.Final.jar:/Users/jinnysaw/.m2/repository/com/fasterxml/classmate/1.3.4/classmate-1.3.4.jar:/Users/jinnysaw/.m2/repository/com/fasterxml/jackson/core/jackson-databind/2.8.10/jackson-databind-2.8.10.jar:/Users/jinnysaw/.m2/repository/com/fasterxml/jackson/core/jackson-annotations/2.8.0/jackson-annotations-2.8.0.jar:/Users/jinnysaw/.m2/repository/com/fasterxml/jackson/core/jackson-core/2.8.10/jackson-core-2.8.10.jar:/Users/jinnysaw/.m2/repository/org/springframework/spring-web/4.3.13.RELEASE/spring-web-4.3.13.RELEASE.jar:/Users/jinnysaw/.m2/repository/org/springframework/spring-webmvc/4.3.13.RELEASE/spring-webmvc-4.3.13.RELEASE.jar:/Users/jinnysaw/.m2/repository/org/springframework/spring-expression/4.3.13.RELEASE/spring-expression-4.3.13.RELEASE.jar:/Users/jinnysaw/.m2/repository/org/springframework/boot/spring-boot-devtools/1.5.9.RELEASE/spring-boot-devtools-1.5.9.RELEASE.jar:/Users/jinnysaw/.m2/repository/org/springframework/boot/spring-boot/1.5.9.RELEASE/spring-boot-1.5.9.RELEASE.jar:/Users/jinnysaw/.m2/repository/org/springframework/boot/spring-boot-autoconfigure/1.5.9.RELEASE/spring-boot-autoconfigure-1.5.9.RELEASE.jar:/Users/jinnysaw/.m2/repository/mysql/mysql-connector-java/5.1.44/mysql-connector-java-5.1.44.jar:/Users/jinnysaw/.m2/repository/org/springframework/boot/spring-boot-starter-test/1.5.9.RELEASE/spring-boot-starter-test-1.5.9.RELEASE.jar:/Users/jinnysaw/.m2/repository/org/springframework/boot/spring-boot-test/1.5.9.RELEASE/spring-boot-test-1.5.9.RELEASE.jar:/Users/jinnysaw/.m2/repository/org/springframework/boot/spring-boot-test-autoconfigure/1.5.9.RELEASE/spring-boot-test-autoconfigure-1.5.9.RELEASE.jar:/Users/jinnysaw/.m2/repository/com/jayway/jsonpath/json-path/2.2.0/json-path-2.2.0.jar:/Users/jinnysaw/.m2/repository/net/minidev/json-smart/2.2.1/json-smart-2.2.1.jar:/Users/jinnysaw/.m2/repository/net/minidev/accessors-smart/1.1/accessors-smart-1.1.jar:/Users/jinnysaw/.m2/repository/org/ow2/asm/asm/5.0.3/asm-5.0.3.jar:/Users/jinnysaw/.m2/repository/junit/junit/4.12/junit-4.12.jar:/Users/jinnysaw/.m2/repository/org/assertj/assertj-core/2.6.0/assertj-core-2.6.0.jar:/Users/jinnysaw/.m2/repository/org/mockito/mockito-core/1.10.19/mockito-core-1.10.19.jar:/Users/jinnysaw/.m2/repository/org/objenesis/objenesis/2.1/objenesis-2.1.jar:/Users/jinnysaw/.m2/repository/org/hamcrest/hamcrest-core/1.3/hamcrest-core-1.3.jar:/Users/jinnysaw/.m2/repository/org/hamcrest/hamcrest-library/1.3/hamcrest-library-1.3.jar:/Users/jinnysaw/.m2/repository/org/skyscreamer/jsonassert/1.4.0/jsonassert-1.4.0.jar:/Users/jinnysaw/.m2/repository/com/vaadin/external/google/android-json/0.0.20131108.vaadin1/android-json-0.0.20131108.vaadin1.jar:/Users/jinnysaw/.m2/repository/org/springframework/spring-core/4.3.13.RELEASE/spring-core-4.3.13.RELEASE.jar:/Users/jinnysaw/.m2/repository/org/springframework/spring-test/4.3.13.RELEASE/spring-test-4.3.13.RELEASE.jar:, user.name=jinnysaw, java.vm.specification.version=1.8, sun.java.command=/Users/jinnysaw/Desktop/MyLearningPool/Spring/myQuiz/target/surefire/surefirebooter9166732528278361819.jar /Users/jinnysaw/Desktop/MyLearningPool/Spring/myQuiz/target/surefire/surefire6319682794074156541tmp /Users/jinnysaw/Desktop/MyLearningPool/Spring/myQuiz/target/surefire/surefire_05813824512909320853tmp, java.home=/Library/Java/JavaVirtualMachines/jdk1.8.0_121.jdk/Contents/Home/jre, sun.arch.data.model=64, user.language=en, java.specification.vendor=Oracle Corporation, awt.toolkit=sun.lwawt.macosx.LWCToolkit, java.vm.info=mixed mode, java.version=1.8.0_121, java.ext.dirs=/Users/jinnysaw/Library/Java/Extensions:/Library/Java/JavaVirtualMachines/jdk1.8.0_121.jdk/Contents/Home/jre/lib/ext:/Library/Java/Extensions:/Network/Library/Java/Extensions:/System/Library/Java/Extensions:/usr/lib/java, sun.boot.class.path=/Library/Java/JavaVirtualMachines/jdk1.8.0_121.jdk/Contents/Home/jre/lib/resources.jar:/Library/Java/JavaVirtualMachines/jdk1.8.0_121.jdk/Contents/Home/jre/lib/rt.jar:/Library/Java/JavaVirtualMachines/jdk1.8.0_121.jdk/Contents/Home/jre/lib/sunrsasign.jar:/Library/Java/JavaVirtualMachines/jdk1.8.0_121.jdk/Contents/Home/jre/lib/jsse.jar:/Library/Java/JavaVirtualMachines/jdk1.8.0_121.jdk/Contents/Home/jre/lib/jce.jar:/Library/Java/JavaVirtualMachines/jdk1.8.0_121.jdk/Contents/Home/jre/lib/charsets.jar:/Library/Java/JavaVirtualMachines/jdk1.8.0_121.jdk/Contents/Home/jre/lib/jfr.jar:/Library/Java/JavaVirtualMachines/jdk1.8.0_121.jdk/Contents/Home/jre/classes, java.vendor=Oracle Corporation, localRepository=/Users/jinnysaw/.m2/repository, file.separator=/, java.vendor.url.bug=http://bugreport.sun.com/bugreport/, sun.io.unicode.encoding=UnicodeBig, sun.cpu.endian=little, socksNonProxyHosts=local|*.local|169.254/16|*.169.254/16, ftp.nonProxyHosts=local|*.local|169.254/16|*.169.254/16, sun.cpu.isalist=}}, SystemEnvironmentPropertySource@391618063 {name='systemEnvironment', properties={PATH=/usr/bin:/bin:/usr/sbin:/sbin, JAVA_STARTED_ON_FIRST_THREAD_446=1, SHELL=/bin/bash, APP_ICON_446=../Resources/sts.icns, OLDPWD=/Users/jinnysaw/Desktop/MyLearningPool/Spring/myQuiz, USER=jinnysaw, TMPDIR=/var/folders/fb/wc2v_3m17w1bp8z8kcdzf6w80000gn/T/, JAVA_MAIN_CLASS_923=org.codehaus.plexus.classworlds.launcher.Launcher, SSH_AUTH_SOCK=/private/tmp/com.apple.launchd.N3WAEkXiel/Listeners, XPC_FLAGS=0x0, JAVA_MAIN_CLASS_926=org.apache.maven.surefire.booter.ForkedBooter, __CF_USER_TEXT_ENCODING=0x1F5:0x0:0x0, Apple_PubSub_Socket_Render=/private/tmp/com.apple.launchd.a83EZgI8KP/Render, LOGNAME=jinnysaw, XPC_SERVICE_NAME=0, PWD=/Users/jinnysaw/Desktop/MyLearningPool/Spring/myQuiz, HOME=/Users/jinnysaw, SHLVL=1, _=/Library/Java/JavaVirtualMachines/jdk1.8.0_121.jdk/Contents/Home/jre/bin/java}}]
21:22:10.553 [main] DEBUG org.springframework.core.io.support.PathMatchingResourcePatternResolver - Resolved classpath location [com/jinnysaw/myQuiz/] to resources [URL [file:/Users/jinnysaw/Desktop/MyLearningPool/Spring/myQuiz/target/test-classes/com/jinnysaw/myQuiz/], URL [file:/Users/jinnysaw/Desktop/MyLearningPool/Spring/myQuiz/target/classes/com/jinnysaw/myQuiz/]]
21:22:10.554 [main] DEBUG org.springframework.core.io.support.PathMatchingResourcePatternResolver - Looking for matching resources in directory tree [/Users/jinnysaw/Desktop/MyLearningPool/Spring/myQuiz/target/test-classes/com/jinnysaw/myQuiz]
21:22:10.554 [main] DEBUG org.springframework.core.io.support.PathMatchingResourcePatternResolver - Searching directory [/Users/jinnysaw/Desktop/MyLearningPool/Spring/myQuiz/target/test-classes/com/jinnysaw/myQuiz] for files matching pattern [/Users/jinnysaw/Desktop/MyLearningPool/Spring/myQuiz/target/test-classes/com/jinnysaw/myQuiz/*.class]
21:22:10.558 [main] DEBUG org.springframework.core.io.support.PathMatchingResourcePatternResolver - Looking for matching resources in directory tree [/Users/jinnysaw/Desktop/MyLearningPool/Spring/myQuiz/target/classes/com/jinnysaw/myQuiz]
21:22:10.560 [main] DEBUG org.springframework.core.io.support.PathMatchingResourcePatternResolver - Searching directory [/Users/jinnysaw/Desktop/MyLearningPool/Spring/myQuiz/target/classes/com/jinnysaw/myQuiz] for files matching pattern [/Users/jinnysaw/Desktop/MyLearningPool/Spring/myQuiz/target/classes/com/jinnysaw/myQuiz/*.class]
21:22:10.561 [main] DEBUG org.springframework.core.io.support.PathMatchingResourcePatternResolver - Resolved location pattern [classpath*:com/jinnysaw/myQuiz/*.class] to resources [file [/Users/jinnysaw/Desktop/MyLearningPool/Spring/myQuiz/target/test-classes/com/jinnysaw/myQuiz/MyQuizApplicationTests.class], file [/Users/jinnysaw/Desktop/MyLearningPool/Spring/myQuiz/target/classes/com/jinnysaw/myQuiz/MyQuizApplication.class]]
21:22:10.630 [main] DEBUG org.springframework.context.annotation.ClassPathScanningCandidateComponentProvider - Identified candidate component class: file [/Users/jinnysaw/Desktop/MyLearningPool/Spring/myQuiz/target/classes/com/jinnysaw/myQuiz/MyQuizApplication.class]
21:22:10.631 [main] INFO org.springframework.boot.test.context.SpringBootTestContextBootstrapper - Found @SpringBootConfiguration com.jinnysaw.myQuiz.MyQuizApplication for test class com.jinnysaw.myQuiz.MyQuizApplicationTests
21:22:10.635 [main] DEBUG org.springframework.boot.test.context.SpringBootTestContextBootstrapper - @TestExecutionListeners is not present for class [com.jinnysaw.myQuiz.MyQuizApplicationTests]: using defaults.
21:22:10.637 [main] INFO org.springframework.boot.test.context.SpringBootTestContextBootstrapper - Loaded default TestExecutionListener class names from location [META-INF/spring.factories]: [org.springframework.boot.test.mock.mockito.MockitoTestExecutionListener, org.springframework.boot.test.mock.mockito.ResetMocksTestExecutionListener, org.springframework.boot.test.autoconfigure.restdocs.RestDocsTestExecutionListener, org.springframework.boot.test.autoconfigure.web.client.MockRestServiceServerResetTestExecutionListener, org.springframework.boot.test.autoconfigure.web.servlet.MockMvcPrintOnlyOnFailureTestExecutionListener, org.springframework.boot.test.autoconfigure.web.servlet.WebDriverTestExecutionListener, org.springframework.test.context.web.ServletTestExecutionListener, org.springframework.test.context.support.DirtiesContextBeforeModesTestExecutionListener, org.springframework.test.context.support.DependencyInjectionTestExecutionListener, org.springframework.test.context.support.DirtiesContextTestExecutionListener, org.springframework.test.context.transaction.TransactionalTestExecutionListener, org.springframework.test.context.jdbc.SqlScriptsTestExecutionListener]
21:22:10.657 [main] INFO org.springframework.boot.test.context.SpringBootTestContextBootstrapper - Using TestExecutionListeners: [org.springframework.test.context.web.ServletTestExecutionListener@3d3fcdb0, org.springframework.test.context.support.DirtiesContextBeforeModesTestExecutionListener@641147d0, org.springframework.boot.test.autoconfigure.SpringBootDependencyInjectionTestExecutionListener@6e38921c, org.springframework.test.context.support.DirtiesContextTestExecutionListener@64d7f7e0, org.springframework.test.context.transaction.TransactionalTestExecutionListener@27c6e487, org.springframework.test.context.jdbc.SqlScriptsTestExecutionListener@49070868, org.springframework.boot.test.autoconfigure.web.servlet.WebDriverTestExecutionListener@6385cb26, org.springframework.boot.test.mock.mockito.ResetMocksTestExecutionListener@38364841, org.springframework.boot.test.autoconfigure.restdocs.RestDocsTestExecutionListener@28c4711c, org.springframework.boot.test.autoconfigure.web.client.MockRestServiceServerResetTestExecutionListener@59717824, org.springframework.boot.test.mock.mockito.MockitoTestExecutionListener@146044d7, org.springframework.boot.test.autoconfigure.web.servlet.MockMvcPrintOnlyOnFailureTestExecutionListener@1e9e725a]
21:22:10.663 [main] DEBUG org.springframework.test.annotation.ProfileValueUtils - Retrieved @ProfileValueSourceConfiguration [null] for test class [com.jinnysaw.myQuiz.MyQuizApplicationTests]
21:22:10.665 [main] DEBUG org.springframework.test.annotation.ProfileValueUtils - Retrieved ProfileValueSource type [class org.springframework.test.annotation.SystemProfileValueSource] for class [com.jinnysaw.myQuiz.MyQuizApplicationTests]
21:22:10.667 [main] DEBUG org.springframework.test.context.junit4.SpringJUnit4ClassRunner - SpringJUnit4ClassRunner constructor called with [class com.jinnysaw.myQuiz.MyQuizApplicationTests]
21:22:10.667 [main] DEBUG org.springframework.test.context.BootstrapUtils - Instantiating CacheAwareContextLoaderDelegate from class [org.springframework.test.context.cache.DefaultCacheAwareContextLoaderDelegate]
21:22:10.667 [main] DEBUG org.springframework.test.context.BootstrapUtils - Instantiating BootstrapContext using constructor [public org.springframework.test.context.support.DefaultBootstrapContext(java.lang.Class,org.springframework.test.context.CacheAwareContextLoaderDelegate)]
21:22:10.668 [main] DEBUG org.springframework.test.context.BootstrapUtils - Instantiating TestContextBootstrapper for test class [com.jinnysaw.myQuiz.MyQuizApplicationTests] from class [org.springframework.boot.test.context.SpringBootTestContextBootstrapper]
21:22:10.669 [main] INFO org.springframework.boot.test.context.SpringBootTestContextBootstrapper - Neither @ContextConfiguration nor @ContextHierarchy found for test class [com.jinnysaw.myQuiz.MyQuizApplicationTests], using SpringBootContextLoader
21:22:10.670 [main] DEBUG org.springframework.test.context.support.AbstractContextLoader - Did not detect default resource location for test class [com.jinnysaw.myQuiz.MyQuizApplicationTests]: class path resource [com/jinnysaw/myQuiz/MyQuizApplicationTests-context.xml] does not exist
21:22:10.670 [main] DEBUG org.springframework.test.context.support.AbstractContextLoader - Did not detect default resource location for test class [com.jinnysaw.myQuiz.MyQuizApplicationTests]: class path resource [com/jinnysaw/myQuiz/MyQuizApplicationTestsContext.groovy] does not exist
21:22:10.671 [main] INFO org.springframework.test.context.support.AbstractContextLoader - Could not detect default resource locations for test class [com.jinnysaw.myQuiz.MyQuizApplicationTests]: no resource found for suffixes {-context.xml, Context.groovy}.
21:22:10.671 [main] INFO org.springframework.test.context.support.AnnotationConfigContextLoaderUtils - Could not detect default configuration classes for test class [com.jinnysaw.myQuiz.MyQuizApplicationTests]: MyQuizApplicationTests does not declare any static, non-private, non-final, nested classes annotated with @Configuration.
21:22:10.674 [main] DEBUG org.springframework.test.context.support.ActiveProfilesUtils - Could not find an 'annotation declaring class' for annotation type [org.springframework.test.context.ActiveProfiles] and class [com.jinnysaw.myQuiz.MyQuizApplicationTests]
21:22:10.676 [main] DEBUG org.springframework.core.env.StandardEnvironment - Adding PropertySource 'systemProperties' with lowest search precedence
21:22:10.678 [main] DEBUG org.springframework.core.env.StandardEnvironment - Adding PropertySource 'systemEnvironment' with lowest search precedence
21:22:10.679 [main] DEBUG org.springframework.core.env.StandardEnvironment - Initialized StandardEnvironment with PropertySources [MapPropertySource@1931444790 {name='systemProperties', properties={java.runtime.name=Java(TM) SE Runtime Environment, sun.boot.library.path=/Library/Java/JavaVirtualMachines/jdk1.8.0_121.jdk/Contents/Home/jre/lib, java.vm.version=25.121-b13, gopherProxySet=false, java.vm.vendor=Oracle Corporation, java.vendor.url=http://java.oracle.com/, path.separator=:, java.vm.name=Java HotSpot(TM) 64-Bit Server VM, file.encoding.pkg=sun.io, user.country=US, sun.java.launcher=SUN_STANDARD, sun.os.patch.level=unknown, java.vm.specification.name=Java Virtual Machine Specification, user.dir=/Users/jinnysaw/Desktop/MyLearningPool/Spring/myQuiz, java.runtime.version=1.8.0_121-b13, basedir=/Users/jinnysaw/Desktop/MyLearningPool/Spring/myQuiz, java.awt.graphicsenv=sun.awt.CGraphicsEnvironment, java.endorsed.dirs=/Library/Java/JavaVirtualMachines/jdk1.8.0_121.jdk/Contents/Home/jre/lib/endorsed, os.arch=x86_64, surefire.real.class.path=/Users/jinnysaw/Desktop/MyLearningPool/Spring/myQuiz/target/surefire/surefirebooter9166732528278361819.jar, java.io.tmpdir=/var/folders/fb/wc2v_3m17w1bp8z8kcdzf6w80000gn/T/, line.separator=
, java.vm.specification.vendor=Oracle Corporation, os.name=Mac OS X, sun.jnu.encoding=UTF-8, java.library.path=/Users/jinnysaw/Library/Java/Extensions:/Library/Java/Extensions:/Network/Library/Java/Extensions:/System/Library/Java/Extensions:/usr/lib/java:., surefire.test.class.path=/Users/jinnysaw/Desktop/MyLearningPool/Spring/myQuiz/target/test-classes:/Users/jinnysaw/Desktop/MyLearningPool/Spring/myQuiz/target/classes:/Users/jinnysaw/.m2/repository/org/springframework/boot/spring-boot-starter-data-jpa/1.5.9.RELEASE/spring-boot-starter-data-jpa-1.5.9.RELEASE.jar:/Users/jinnysaw/.m2/repository/org/springframework/boot/spring-boot-starter/1.5.9.RELEASE/spring-boot-starter-1.5.9.RELEASE.jar:/Users/jinnysaw/.m2/repository/org/springframework/boot/spring-boot-starter-logging/1.5.9.RELEASE/spring-boot-starter-logging-1.5.9.RELEASE.jar:/Users/jinnysaw/.m2/repository/ch/qos/logback/logback-classic/1.1.11/logback-classic-1.1.11.jar:/Users/jinnysaw/.m2/repository/ch/qos/logback/logback-core/1.1.11/logback-core-1.1.11.jar:/Users/jinnysaw/.m2/repository/org/slf4j/jul-to-slf4j/1.7.25/jul-to-slf4j-1.7.25.jar:/Users/jinnysaw/.m2/repository/org/slf4j/log4j-over-slf4j/1.7.25/log4j-over-slf4j-1.7.25.jar:/Users/jinnysaw/.m2/repository/org/yaml/snakeyaml/1.17/snakeyaml-1.17.jar:/Users/jinnysaw/.m2/repository/org/springframework/boot/spring-boot-starter-aop/1.5.9.RELEASE/spring-boot-starter-aop-1.5.9.RELEASE.jar:/Users/jinnysaw/.m2/repository/org/springframework/spring-aop/4.3.13.RELEASE/spring-aop-4.3.13.RELEASE.jar:/Users/jinnysaw/.m2/repository/org/aspectj/aspectjweaver/1.8.13/aspectjweaver-1.8.13.jar:/Users/jinnysaw/.m2/repository/org/springframework/boot/spring-boot-starter-jdbc/1.5.9.RELEASE/spring-boot-starter-jdbc-1.5.9.RELEASE.jar:/Users/jinnysaw/.m2/repository/org/apache/tomcat/tomcat-jdbc/8.5.23/tomcat-jdbc-8.5.23.jar:/Users/jinnysaw/.m2/repository/org/apache/tomcat/tomcat-juli/8.5.23/tomcat-juli-8.5.23.jar:/Users/jinnysaw/.m2/repository/org/springframework/spring-jdbc/4.3.13.RELEASE/spring-jdbc-4.3.13.RELEASE.jar:/Users/jinnysaw/.m2/repository/org/hibernate/hibernate-core/5.0.12.Final/hibernate-core-5.0.12.Final.jar:/Users/jinnysaw/.m2/repository/org/jboss/logging/jboss-logging/3.3.1.Final/jboss-logging-3.3.1.Final.jar:/Users/jinnysaw/.m2/repository/org/hibernate/javax/persistence/hibernate-jpa-2.1-api/1.0.0.Final/hibernate-jpa-2.1-api-1.0.0.Final.jar:/Users/jinnysaw/.m2/repository/org/javassist/javassist/3.21.0-GA/javassist-3.21.0-GA.jar:/Users/jinnysaw/.m2/repository/antlr/antlr/2.7.7/antlr-2.7.7.jar:/Users/jinnysaw/.m2/repository/org/jboss/jandex/2.0.0.Final/jandex-2.0.0.Final.jar:/Users/jinnysaw/.m2/repository/dom4j/dom4j/1.6.1/dom4j-1.6.1.jar:/Users/jinnysaw/.m2/repository/org/hibernate/common/hibernate-commons-annotations/5.0.1.Final/hibernate-commons-annotations-5.0.1.Final.jar:/Users/jinnysaw/.m2/repository/org/hibernate/hibernate-entitymanager/5.0.12.Final/hibernate-entitymanager-5.0.12.Final.jar:/Users/jinnysaw/.m2/repository/javax/transaction/javax.transaction-api/1.2/javax.transaction-api-1.2.jar:/Users/jinnysaw/.m2/repository/org/springframework/data/spring-data-jpa/1.11.9.RELEASE/spring-data-jpa-1.11.9.RELEASE.jar:/Users/jinnysaw/.m2/repository/org/springframework/data/spring-data-commons/1.13.9.RELEASE/spring-data-commons-1.13.9.RELEASE.jar:/Users/jinnysaw/.m2/repository/org/springframework/spring-orm/4.3.13.RELEASE/spring-orm-4.3.13.RELEASE.jar:/Users/jinnysaw/.m2/repository/org/springframework/spring-context/4.3.13.RELEASE/spring-context-4.3.13.RELEASE.jar:/Users/jinnysaw/.m2/repository/org/springframework/spring-tx/4.3.13.RELEASE/spring-tx-4.3.13.RELEASE.jar:/Users/jinnysaw/.m2/repository/org/springframework/spring-beans/4.3.13.RELEASE/spring-beans-4.3.13.RELEASE.jar:/Users/jinnysaw/.m2/repository/org/slf4j/slf4j-api/1.7.25/slf4j-api-1.7.25.jar:/Users/jinnysaw/.m2/repository/org/slf4j/jcl-over-slf4j/1.7.25/jcl-over-slf4j-1.7.25.jar:/Users/jinnysaw/.m2/repository/org/springframework/spring-aspects/4.3.13.RELEASE/spring-aspects-4.3.13.RELEASE.jar:/Users/jinnysaw/.m2/repository/org/springframework/boot/spring-boot-starter-web/1.5.9.RELEASE/spring-boot-starter-web-1.5.9.RELEASE.jar:/Users/jinnysaw/.m2/repository/org/springframework/boot/spring-boot-starter-tomcat/1.5.9.RELEASE/spring-boot-starter-tomcat-1.5.9.RELEASE.jar:/Users/jinnysaw/.m2/repository/org/apache/tomcat/embed/tomcat-embed-core/8.5.23/tomcat-embed-core-8.5.23.jar:/Users/jinnysaw/.m2/repository/org/apache/tomcat/tomcat-annotations-api/8.5.23/tomcat-annotations-api-8.5.23.jar:/Users/jinnysaw/.m2/repository/org/apache/tomcat/embed/tomcat-embed-el/8.5.23/tomcat-embed-el-8.5.23.jar:/Users/jinnysaw/.m2/repository/org/apache/tomcat/embed/tomcat-embed-websocket/8.5.23/tomcat-embed-websocket-8.5.23.jar:/Users/jinnysaw/.m2/repository/org/hibernate/hibernate-validator/5.3.6.Final/hibernate-validator-5.3.6.Final.jar:/Users/jinnysaw/.m2/repository/javax/validation/validation-api/1.1.0.Final/validation-api-1.1.0.Final.jar:/Users/jinnysaw/.m2/repository/com/fasterxml/classmate/1.3.4/classmate-1.3.4.jar:/Users/jinnysaw/.m2/repository/com/fasterxml/jackson/core/jackson-databind/2.8.10/jackson-databind-2.8.10.jar:/Users/jinnysaw/.m2/repository/com/fasterxml/jackson/core/jackson-annotations/2.8.0/jackson-annotations-2.8.0.jar:/Users/jinnysaw/.m2/repository/com/fasterxml/jackson/core/jackson-core/2.8.10/jackson-core-2.8.10.jar:/Users/jinnysaw/.m2/repository/org/springframework/spring-web/4.3.13.RELEASE/spring-web-4.3.13.RELEASE.jar:/Users/jinnysaw/.m2/repository/org/springframework/spring-webmvc/4.3.13.RELEASE/spring-webmvc-4.3.13.RELEASE.jar:/Users/jinnysaw/.m2/repository/org/springframework/spring-expression/4.3.13.RELEASE/spring-expression-4.3.13.RELEASE.jar:/Users/jinnysaw/.m2/repository/org/springframework/boot/spring-boot-devtools/1.5.9.RELEASE/spring-boot-devtools-1.5.9.RELEASE.jar:/Users/jinnysaw/.m2/repository/org/springframework/boot/spring-boot/1.5.9.RELEASE/spring-boot-1.5.9.RELEASE.jar:/Users/jinnysaw/.m2/repository/org/springframework/boot/spring-boot-autoconfigure/1.5.9.RELEASE/spring-boot-autoconfigure-1.5.9.RELEASE.jar:/Users/jinnysaw/.m2/repository/mysql/mysql-connector-java/5.1.44/mysql-connector-java-5.1.44.jar:/Users/jinnysaw/.m2/repository/org/springframework/boot/spring-boot-starter-test/1.5.9.RELEASE/spring-boot-starter-test-1.5.9.RELEASE.jar:/Users/jinnysaw/.m2/repository/org/springframework/boot/spring-boot-test/1.5.9.RELEASE/spring-boot-test-1.5.9.RELEASE.jar:/Users/jinnysaw/.m2/repository/org/springframework/boot/spring-boot-test-autoconfigure/1.5.9.RELEASE/spring-boot-test-autoconfigure-1.5.9.RELEASE.jar:/Users/jinnysaw/.m2/repository/com/jayway/jsonpath/json-path/2.2.0/json-path-2.2.0.jar:/Users/jinnysaw/.m2/repository/net/minidev/json-smart/2.2.1/json-smart-2.2.1.jar:/Users/jinnysaw/.m2/repository/net/minidev/accessors-smart/1.1/accessors-smart-1.1.jar:/Users/jinnysaw/.m2/repository/org/ow2/asm/asm/5.0.3/asm-5.0.3.jar:/Users/jinnysaw/.m2/repository/junit/junit/4.12/junit-4.12.jar:/Users/jinnysaw/.m2/repository/org/assertj/assertj-core/2.6.0/assertj-core-2.6.0.jar:/Users/jinnysaw/.m2/repository/org/mockito/mockito-core/1.10.19/mockito-core-1.10.19.jar:/Users/jinnysaw/.m2/repository/org/objenesis/objenesis/2.1/objenesis-2.1.jar:/Users/jinnysaw/.m2/repository/org/hamcrest/hamcrest-core/1.3/hamcrest-core-1.3.jar:/Users/jinnysaw/.m2/repository/org/hamcrest/hamcrest-library/1.3/hamcrest-library-1.3.jar:/Users/jinnysaw/.m2/repository/org/skyscreamer/jsonassert/1.4.0/jsonassert-1.4.0.jar:/Users/jinnysaw/.m2/repository/com/vaadin/external/google/android-json/0.0.20131108.vaadin1/android-json-0.0.20131108.vaadin1.jar:/Users/jinnysaw/.m2/repository/org/springframework/spring-core/4.3.13.RELEASE/spring-core-4.3.13.RELEASE.jar:/Users/jinnysaw/.m2/repository/org/springframework/spring-test/4.3.13.RELEASE/spring-test-4.3.13.RELEASE.jar:, java.specification.name=Java Platform API Specification, java.class.version=52.0, sun.management.compiler=HotSpot 64-Bit Tiered Compilers, os.version=10.13.3, http.nonProxyHosts=local|*.local|169.254/16|*.169.254/16, user.home=/Users/jinnysaw, user.timezone=Asia/Rangoon, java.awt.printerjob=sun.lwawt.macosx.CPrinterJob, file.encoding=UTF-8, java.specification.version=1.8, java.class.path=/Users/jinnysaw/Desktop/MyLearningPool/Spring/myQuiz/target/test-classes:/Users/jinnysaw/Desktop/MyLearningPool/Spring/myQuiz/target/classes:/Users/jinnysaw/.m2/repository/org/springframework/boot/spring-boot-starter-data-jpa/1.5.9.RELEASE/spring-boot-starter-data-jpa-1.5.9.RELEASE.jar:/Users/jinnysaw/.m2/repository/org/springframework/boot/spring-boot-starter/1.5.9.RELEASE/spring-boot-starter-1.5.9.RELEASE.jar:/Users/jinnysaw/.m2/repository/org/springframework/boot/spring-boot-starter-logging/1.5.9.RELEASE/spring-boot-starter-logging-1.5.9.RELEASE.jar:/Users/jinnysaw/.m2/repository/ch/qos/logback/logback-classic/1.1.11/logback-classic-1.1.11.jar:/Users/jinnysaw/.m2/repository/ch/qos/logback/logback-core/1.1.11/logback-core-1.1.11.jar:/Users/jinnysaw/.m2/repository/org/slf4j/jul-to-slf4j/1.7.25/jul-to-slf4j-1.7.25.jar:/Users/jinnysaw/.m2/repository/org/slf4j/log4j-over-slf4j/1.7.25/log4j-over-slf4j-1.7.25.jar:/Users/jinnysaw/.m2/repository/org/yaml/snakeyaml/1.17/snakeyaml-1.17.jar:/Users/jinnysaw/.m2/repository/org/springframework/boot/spring-boot-starter-aop/1.5.9.RELEASE/spring-boot-starter-aop-1.5.9.RELEASE.jar:/Users/jinnysaw/.m2/repository/org/springframework/spring-aop/4.3.13.RELEASE/spring-aop-4.3.13.RELEASE.jar:/Users/jinnysaw/.m2/repository/org/aspectj/aspectjweaver/1.8.13/aspectjweaver-1.8.13.jar:/Users/jinnysaw/.m2/repository/org/springframework/boot/spring-boot-starter-jdbc/1.5.9.RELEASE/spring-boot-starter-jdbc-1.5.9.RELEASE.jar:/Users/jinnysaw/.m2/repository/org/apache/tomcat/tomcat-jdbc/8.5.23/tomcat-jdbc-8.5.23.jar:/Users/jinnysaw/.m2/repository/org/apache/tomcat/tomcat-juli/8.5.23/tomcat-juli-8.5.23.jar:/Users/jinnysaw/.m2/repository/org/springframework/spring-jdbc/4.3.13.RELEASE/spring-jdbc-4.3.13.RELEASE.jar:/Users/jinnysaw/.m2/repository/org/hibernate/hibernate-core/5.0.12.Final/hibernate-core-5.0.12.Final.jar:/Users/jinnysaw/.m2/repository/org/jboss/logging/jboss-logging/3.3.1.Final/jboss-logging-3.3.1.Final.jar:/Users/jinnysaw/.m2/repository/org/hibernate/javax/persistence/hibernate-jpa-2.1-api/1.0.0.Final/hibernate-jpa-2.1-api-1.0.0.Final.jar:/Users/jinnysaw/.m2/repository/org/javassist/javassist/3.21.0-GA/javassist-3.21.0-GA.jar:/Users/jinnysaw/.m2/repository/antlr/antlr/2.7.7/antlr-2.7.7.jar:/Users/jinnysaw/.m2/repository/org/jboss/jandex/2.0.0.Final/jandex-2.0.0.Final.jar:/Users/jinnysaw/.m2/repository/dom4j/dom4j/1.6.1/dom4j-1.6.1.jar:/Users/jinnysaw/.m2/repository/org/hibernate/common/hibernate-commons-annotations/5.0.1.Final/hibernate-commons-annotations-5.0.1.Final.jar:/Users/jinnysaw/.m2/repository/org/hibernate/hibernate-entitymanager/5.0.12.Final/hibernate-entitymanager-5.0.12.Final.jar:/Users/jinnysaw/.m2/repository/javax/transaction/javax.transaction-api/1.2/javax.transaction-api-1.2.jar:/Users/jinnysaw/.m2/repository/org/springframework/data/spring-data-jpa/1.11.9.RELEASE/spring-data-jpa-1.11.9.RELEASE.jar:/Users/jinnysaw/.m2/repository/org/springframework/data/spring-data-commons/1.13.9.RELEASE/spring-data-commons-1.13.9.RELEASE.jar:/Users/jinnysaw/.m2/repository/org/springframework/spring-orm/4.3.13.RELEASE/spring-orm-4.3.13.RELEASE.jar:/Users/jinnysaw/.m2/repository/org/springframework/spring-context/4.3.13.RELEASE/spring-context-4.3.13.RELEASE.jar:/Users/jinnysaw/.m2/repository/org/springframework/spring-tx/4.3.13.RELEASE/spring-tx-4.3.13.RELEASE.jar:/Users/jinnysaw/.m2/repository/org/springframework/spring-beans/4.3.13.RELEASE/spring-beans-4.3.13.RELEASE.jar:/Users/jinnysaw/.m2/repository/org/slf4j/slf4j-api/1.7.25/slf4j-api-1.7.25.jar:/Users/jinnysaw/.m2/repository/org/slf4j/jcl-over-slf4j/1.7.25/jcl-over-slf4j-1.7.25.jar:/Users/jinnysaw/.m2/repository/org/springframework/spring-aspects/4.3.13.RELEASE/spring-aspects-4.3.13.RELEASE.jar:/Users/jinnysaw/.m2/repository/org/springframework/boot/spring-boot-starter-web/1.5.9.RELEASE/spring-boot-starter-web-1.5.9.RELEASE.jar:/Users/jinnysaw/.m2/repository/org/springframework/boot/spring-boot-starter-tomcat/1.5.9.RELEASE/spring-boot-starter-tomcat-1.5.9.RELEASE.jar:/Users/jinnysaw/.m2/repository/org/apache/tomcat/embed/tomcat-embed-core/8.5.23/tomcat-embed-core-8.5.23.jar:/Users/jinnysaw/.m2/repository/org/apache/tomcat/tomcat-annotations-api/8.5.23/tomcat-annotations-api-8.5.23.jar:/Users/jinnysaw/.m2/repository/org/apache/tomcat/embed/tomcat-embed-el/8.5.23/tomcat-embed-el-8.5.23.jar:/Users/jinnysaw/.m2/repository/org/apache/tomcat/embed/tomcat-embed-websocket/8.5.23/tomcat-embed-websocket-8.5.23.jar:/Users/jinnysaw/.m2/repository/org/hibernate/hibernate-validator/5.3.6.Final/hibernate-validator-5.3.6.Final.jar:/Users/jinnysaw/.m2/repository/javax/validation/validation-api/1.1.0.Final/validation-api-1.1.0.Final.jar:/Users/jinnysaw/.m2/repository/com/fasterxml/classmate/1.3.4/classmate-1.3.4.jar:/Users/jinnysaw/.m2/repository/com/fasterxml/jackson/core/jackson-databind/2.8.10/jackson-databind-2.8.10.jar:/Users/jinnysaw/.m2/repository/com/fasterxml/jackson/core/jackson-annotations/2.8.0/jackson-annotations-2.8.0.jar:/Users/jinnysaw/.m2/repository/com/fasterxml/jackson/core/jackson-core/2.8.10/jackson-core-2.8.10.jar:/Users/jinnysaw/.m2/repository/org/springframework/spring-web/4.3.13.RELEASE/spring-web-4.3.13.RELEASE.jar:/Users/jinnysaw/.m2/repository/org/springframework/spring-webmvc/4.3.13.RELEASE/spring-webmvc-4.3.13.RELEASE.jar:/Users/jinnysaw/.m2/repository/org/springframework/spring-expression/4.3.13.RELEASE/spring-expression-4.3.13.RELEASE.jar:/Users/jinnysaw/.m2/repository/org/springframework/boot/spring-boot-devtools/1.5.9.RELEASE/spring-boot-devtools-1.5.9.RELEASE.jar:/Users/jinnysaw/.m2/repository/org/springframework/boot/spring-boot/1.5.9.RELEASE/spring-boot-1.5.9.RELEASE.jar:/Users/jinnysaw/.m2/repository/org/springframework/boot/spring-boot-autoconfigure/1.5.9.RELEASE/spring-boot-autoconfigure-1.5.9.RELEASE.jar:/Users/jinnysaw/.m2/repository/mysql/mysql-connector-java/5.1.44/mysql-connector-java-5.1.44.jar:/Users/jinnysaw/.m2/repository/org/springframework/boot/spring-boot-starter-test/1.5.9.RELEASE/spring-boot-starter-test-1.5.9.RELEASE.jar:/Users/jinnysaw/.m2/repository/org/springframework/boot/spring-boot-test/1.5.9.RELEASE/spring-boot-test-1.5.9.RELEASE.jar:/Users/jinnysaw/.m2/repository/org/springframework/boot/spring-boot-test-autoconfigure/1.5.9.RELEASE/spring-boot-test-autoconfigure-1.5.9.RELEASE.jar:/Users/jinnysaw/.m2/repository/com/jayway/jsonpath/json-path/2.2.0/json-path-2.2.0.jar:/Users/jinnysaw/.m2/repository/net/minidev/json-smart/2.2.1/json-smart-2.2.1.jar:/Users/jinnysaw/.m2/repository/net/minidev/accessors-smart/1.1/accessors-smart-1.1.jar:/Users/jinnysaw/.m2/repository/org/ow2/asm/asm/5.0.3/asm-5.0.3.jar:/Users/jinnysaw/.m2/repository/junit/junit/4.12/junit-4.12.jar:/Users/jinnysaw/.m2/repository/org/assertj/assertj-core/2.6.0/assertj-core-2.6.0.jar:/Users/jinnysaw/.m2/repository/org/mockito/mockito-core/1.10.19/mockito-core-1.10.19.jar:/Users/jinnysaw/.m2/repository/org/objenesis/objenesis/2.1/objenesis-2.1.jar:/Users/jinnysaw/.m2/repository/org/hamcrest/hamcrest-core/1.3/hamcrest-core-1.3.jar:/Users/jinnysaw/.m2/repository/org/hamcrest/hamcrest-library/1.3/hamcrest-library-1.3.jar:/Users/jinnysaw/.m2/repository/org/skyscreamer/jsonassert/1.4.0/jsonassert-1.4.0.jar:/Users/jinnysaw/.m2/repository/com/vaadin/external/google/android-json/0.0.20131108.vaadin1/android-json-0.0.20131108.vaadin1.jar:/Users/jinnysaw/.m2/repository/org/springframework/spring-core/4.3.13.RELEASE/spring-core-4.3.13.RELEASE.jar:/Users/jinnysaw/.m2/repository/org/springframework/spring-test/4.3.13.RELEASE/spring-test-4.3.13.RELEASE.jar:, user.name=jinnysaw, java.vm.specification.version=1.8, sun.java.command=/Users/jinnysaw/Desktop/MyLearningPool/Spring/myQuiz/target/surefire/surefirebooter9166732528278361819.jar /Users/jinnysaw/Desktop/MyLearningPool/Spring/myQuiz/target/surefire/surefire6319682794074156541tmp /Users/jinnysaw/Desktop/MyLearningPool/Spring/myQuiz/target/surefire/surefire_05813824512909320853tmp, java.home=/Library/Java/JavaVirtualMachines/jdk1.8.0_121.jdk/Contents/Home/jre, sun.arch.data.model=64, user.language=en, java.specification.vendor=Oracle Corporation, awt.toolkit=sun.lwawt.macosx.LWCToolkit, java.vm.info=mixed mode, java.version=1.8.0_121, java.ext.dirs=/Users/jinnysaw/Library/Java/Extensions:/Library/Java/JavaVirtualMachines/jdk1.8.0_121.jdk/Contents/Home/jre/lib/ext:/Library/Java/Extensions:/Network/Library/Java/Extensions:/System/Library/Java/Extensions:/usr/lib/java, sun.boot.class.path=/Library/Java/JavaVirtualMachines/jdk1.8.0_121.jdk/Contents/Home/jre/lib/resources.jar:/Library/Java/JavaVirtualMachines/jdk1.8.0_121.jdk/Contents/Home/jre/lib/rt.jar:/Library/Java/JavaVirtualMachines/jdk1.8.0_121.jdk/Contents/Home/jre/lib/sunrsasign.jar:/Library/Java/JavaVirtualMachines/jdk1.8.0_121.jdk/Contents/Home/jre/lib/jsse.jar:/Library/Java/JavaVirtualMachines/jdk1.8.0_121.jdk/Contents/Home/jre/lib/jce.jar:/Library/Java/JavaVirtualMachines/jdk1.8.0_121.jdk/Contents/Home/jre/lib/charsets.jar:/Library/Java/JavaVirtualMachines/jdk1.8.0_121.jdk/Contents/Home/jre/lib/jfr.jar:/Library/Java/JavaVirtualMachines/jdk1.8.0_121.jdk/Contents/Home/jre/classes, java.vendor=Oracle Corporation, localRepository=/Users/jinnysaw/.m2/repository, file.separator=/, java.vendor.url.bug=http://bugreport.sun.com/bugreport/, sun.io.unicode.encoding=UnicodeBig, sun.cpu.endian=little, socksNonProxyHosts=local|*.local|169.254/16|*.169.254/16, ftp.nonProxyHosts=local|*.local|169.254/16|*.169.254/16, sun.cpu.isalist=}}, SystemEnvironmentPropertySource@626742236 {name='systemEnvironment', properties={PATH=/usr/bin:/bin:/usr/sbin:/sbin, JAVA_STARTED_ON_FIRST_THREAD_446=1, SHELL=/bin/bash, APP_ICON_446=../Resources/sts.icns, OLDPWD=/Users/jinnysaw/Desktop/MyLearningPool/Spring/myQuiz, USER=jinnysaw, TMPDIR=/var/folders/fb/wc2v_3m17w1bp8z8kcdzf6w80000gn/T/, JAVA_MAIN_CLASS_923=org.codehaus.plexus.classworlds.launcher.Launcher, SSH_AUTH_SOCK=/private/tmp/com.apple.launchd.N3WAEkXiel/Listeners, XPC_FLAGS=0x0, JAVA_MAIN_CLASS_926=org.apache.maven.surefire.booter.ForkedBooter, __CF_USER_TEXT_ENCODING=0x1F5:0x0:0x0, Apple_PubSub_Socket_Render=/private/tmp/com.apple.launchd.a83EZgI8KP/Render, LOGNAME=jinnysaw, XPC_SERVICE_NAME=0, PWD=/Users/jinnysaw/Desktop/MyLearningPool/Spring/myQuiz, HOME=/Users/jinnysaw, SHLVL=1, _=/Library/Java/JavaVirtualMachines/jdk1.8.0_121.jdk/Contents/Home/jre/bin/java}}]
21:22:10.680 [main] INFO org.springframework.boot.test.context.SpringBootTestContextBootstrapper - Found @SpringBootConfiguration com.jinnysaw.myQuiz.MyQuizApplication for test class com.jinnysaw.myQuiz.MyQuizApplicationTests
21:22:10.688 [main] DEBUG org.springframework.boot.test.context.SpringBootTestContextBootstrapper - @TestExecutionListeners is not present for class [com.jinnysaw.myQuiz.MyQuizApplicationTests]: using defaults.
21:22:10.691 [main] INFO org.springframework.boot.test.context.SpringBootTestContextBootstrapper - Loaded default TestExecutionListener class names from location [META-INF/spring.factories]: [org.springframework.boot.test.mock.mockito.MockitoTestExecutionListener, org.springframework.boot.test.mock.mockito.ResetMocksTestExecutionListener, org.springframework.boot.test.autoconfigure.restdocs.RestDocsTestExecutionListener, org.springframework.boot.test.autoconfigure.web.client.MockRestServiceServerResetTestExecutionListener, org.springframework.boot.test.autoconfigure.web.servlet.MockMvcPrintOnlyOnFailureTestExecutionListener, org.springframework.boot.test.autoconfigure.web.servlet.WebDriverTestExecutionListener, org.springframework.test.context.web.ServletTestExecutionListener, org.springframework.test.context.support.DirtiesContextBeforeModesTestExecutionListener, org.springframework.test.context.support.DependencyInjectionTestExecutionListener, org.springframework.test.context.support.DirtiesContextTestExecutionListener, org.springframework.test.context.transaction.TransactionalTestExecutionListener, org.springframework.test.context.jdbc.SqlScriptsTestExecutionListener]
21:22:10.693 [main] INFO org.springframework.boot.test.context.SpringBootTestContextBootstrapper - Using TestExecutionListeners: [org.springframework.test.context.web.ServletTestExecutionListener@3bbc39f8, org.springframework.test.context.support.DirtiesContextBeforeModesTestExecutionListener@4ae3c1cd, org.springframework.boot.test.autoconfigure.SpringBootDependencyInjectionTestExecutionListener@29f69090, org.springframework.test.context.support.DirtiesContextTestExecutionListener@568bf312, org.springframework.test.context.transaction.TransactionalTestExecutionListener@ca263c2, org.springframework.test.context.jdbc.SqlScriptsTestExecutionListener@589b3632, org.springframework.boot.test.autoconfigure.web.servlet.WebDriverTestExecutionListener@45f45fa1, org.springframework.boot.test.mock.mockito.ResetMocksTestExecutionListener@4c6e276e, org.springframework.boot.test.autoconfigure.restdocs.RestDocsTestExecutionListener@534df152, org.springframework.boot.test.autoconfigure.web.client.MockRestServiceServerResetTestExecutionListener@52e677af, org.springframework.boot.test.mock.mockito.MockitoTestExecutionListener@35083305, org.springframework.boot.test.autoconfigure.web.servlet.MockMvcPrintOnlyOnFailureTestExecutionListener@8e0379d]
21:22:10.694 [main] DEBUG org.springframework.test.annotation.ProfileValueUtils - Retrieved @ProfileValueSourceConfiguration [null] for test class [com.jinnysaw.myQuiz.MyQuizApplicationTests]
21:22:10.694 [main] DEBUG org.springframework.test.annotation.ProfileValueUtils - Retrieved ProfileValueSource type [class org.springframework.test.annotation.SystemProfileValueSource] for class [com.jinnysaw.myQuiz.MyQuizApplicationTests]
21:22:10.694 [main] DEBUG org.springframework.test.annotation.ProfileValueUtils - Retrieved @ProfileValueSourceConfiguration [null] for test class [com.jinnysaw.myQuiz.MyQuizApplicationTests]
21:22:10.694 [main] DEBUG org.springframework.test.annotation.ProfileValueUtils - Retrieved ProfileValueSource type [class org.springframework.test.annotation.SystemProfileValueSource] for class [com.jinnysaw.myQuiz.MyQuizApplicationTests]
21:22:10.697 [main] DEBUG org.springframework.test.context.support.AbstractDirtiesContextTestExecutionListener - Before test class: context [DefaultTestContext@55ca8de8 testClass = MyQuizApplicationTests, testInstance = [null], testMethod = [null], testException = [null], mergedContextConfiguration = [WebMergedContextConfiguration@2c34f934 testClass = MyQuizApplicationTests, locations = '{}', classes = '{class com.jinnysaw.myQuiz.MyQuizApplication}', contextInitializerClasses = '[]', activeProfiles = '{}', propertySourceLocations = '{}', propertySourceProperties = '{org.springframework.boot.test.context.SpringBootTestContextBootstrapper=true}', contextCustomizers = set[org.springframework.boot.test.context.SpringBootTestContextCustomizer@6ddf90b0, org.springframework.boot.test.context.filter.ExcludeFilterContextCustomizer@5a8e6209, org.springframework.boot.test.json.DuplicateJsonObjectContextCustomizerFactory$DuplicateJsonObjectContextCustomizer@369f73a2, org.springframework.boot.test.mock.mockito.MockitoContextCustomizer@0, org.springframework.boot.test.autoconfigure.properties.PropertyMappingContextCustomizer@0, org.springframework.boot.test.autoconfigure.web.servlet.WebDriverContextCustomizerFactory$Customizer@79be0360], resourceBasePath = 'src/main/webapp', contextLoader = 'org.springframework.boot.test.context.SpringBootContextLoader', parent = [null]]], class annotated with @DirtiesContext [false] with mode [null].
21:22:10.698 [main] DEBUG org.springframework.test.annotation.ProfileValueUtils - Retrieved @ProfileValueSourceConfiguration [null] for test class [com.jinnysaw.myQuiz.MyQuizApplicationTests]
21:22:10.698 [main] DEBUG org.springframework.test.annotation.ProfileValueUtils - Retrieved ProfileValueSource type [class org.springframework.test.annotation.SystemProfileValueSource] for class [com.jinnysaw.myQuiz.MyQuizApplicationTests]
21:22:10.753 [main] DEBUG org.springframework.core.env.StandardEnvironment - Adding PropertySource 'systemProperties' with lowest search precedence
21:22:10.753 [main] DEBUG org.springframework.core.env.StandardEnvironment - Adding PropertySource 'systemEnvironment' with lowest search precedence
21:22:10.753 [main] DEBUG org.springframework.core.env.StandardEnvironment - Initialized StandardEnvironment with PropertySources [MapPropertySource@1354003114 {name='systemProperties', properties={java.runtime.name=Java(TM) SE Runtime Environment, sun.boot.library.path=/Library/Java/JavaVirtualMachines/jdk1.8.0_121.jdk/Contents/Home/jre/lib, java.vm.version=25.121-b13, gopherProxySet=false, java.vm.vendor=Oracle Corporation, java.vendor.url=http://java.oracle.com/, path.separator=:, java.vm.name=Java HotSpot(TM) 64-Bit Server VM, file.encoding.pkg=sun.io, user.country=US, sun.java.launcher=SUN_STANDARD, sun.os.patch.level=unknown, java.vm.specification.name=Java Virtual Machine Specification, user.dir=/Users/jinnysaw/Desktop/MyLearningPool/Spring/myQuiz, java.runtime.version=1.8.0_121-b13, basedir=/Users/jinnysaw/Desktop/MyLearningPool/Spring/myQuiz, java.awt.graphicsenv=sun.awt.CGraphicsEnvironment, java.endorsed.dirs=/Library/Java/JavaVirtualMachines/jdk1.8.0_121.jdk/Contents/Home/jre/lib/endorsed, os.arch=x86_64, surefire.real.class.path=/Users/jinnysaw/Desktop/MyLearningPool/Spring/myQuiz/target/surefire/surefirebooter9166732528278361819.jar, java.io.tmpdir=/var/folders/fb/wc2v_3m17w1bp8z8kcdzf6w80000gn/T/, line.separator=
[...]
	at org.springframework.test.context.web.ServletTestExecutionListener.prepareTestInstance(ServletTestExecutionListener.java:131) [spring-test-4.3.13.RELEASE.jar:4.3.13.RELEASE]
	at org.springframework.test.context.TestContextManager.prepareTestInstance(TestContextManager.java:230) [spring-test-4.3.13.RELEASE.jar:4.3.13.RELEASE]
	at org.springframework.test.context.junit4.SpringJUnit4ClassRunner.createTest(SpringJUnit4ClassRunner.java:228) [spring-test-4.3.13.RELEASE.jar:4.3.13.RELEASE]
	at org.springframework.test.context.junit4.SpringJUnit4ClassRunner$1.runReflectiveCall(SpringJUnit4ClassRunner.java:287) [spring-test-4.3.13.RELEASE.jar:4.3.13.RELEASE]
	at org.junit.internal.runners.model.ReflectiveCallable.run(ReflectiveCallable.java:12) [junit-4.12.jar:4.12]
	at org.springframework.test.context.junit4.SpringJUnit4ClassRunner.methodBlock(SpringJUnit4ClassRunner.java:289) [spring-test-4.3.13.RELEASE.jar:4.3.13.RELEASE]
	at org.springframework.test.context.junit4.SpringJUnit4ClassRunner.runChild(SpringJUnit4ClassRunner.java:247) [spring-test-4.3.13.RELEASE.jar:4.3.13.RELEASE]
	at org.springframework.test.context.junit4.SpringJUnit4ClassRunner.runChild(SpringJUnit4ClassRunner.java:94) [spring-test-4.3.13.RELEASE.jar:4.3.13.RELEASE]
	at org.junit.runners.ParentRunner$3.run(ParentRunner.java:290) [junit-4.12.jar:4.12]
	at org.junit.runners.ParentRunner$1.schedule(ParentRunner.java:71) [junit-4.12.jar:4.12]
	at org.junit.runners.ParentRunner.runChildren(ParentRunner.java:288) [junit-4.12.jar:4.12]
	at org.junit.runners.ParentRunner.access$000(ParentRunner.java:58) [junit-4.12.jar:4.12]
	at org.junit.runners.ParentRunner$2.evaluate(ParentRunner.java:268) [junit-4.12.jar:4.12]
	at org.springframework.test.context.junit4.statements.RunBeforeTestClassCallbacks.evaluate(RunBeforeTestClassCallbacks.java:61) [spring-test-4.3.13.RELEASE.jar:4.3.13.RELEASE]
	at org.springframework.test.context.junit4.statements.RunAfterTestClassCallbacks.evaluate(RunAfterTestClassCallbacks.java:70) [spring-test-4.3.13.RELEASE.jar:4.3.13.RELEASE]
	at org.junit.runners.ParentRunner.run(ParentRunner.java:363) [junit-4.12.jar:4.12]
	at org.springframework.test.context.junit4.SpringJUnit4ClassRunner.run(SpringJUnit4ClassRunner.java:191) [spring-test-4.3.13.RELEASE.jar:4.3.13.RELEASE]
	at org.apache.maven.surefire.junit4.JUnit4Provider.execute(JUnit4Provider.java:283) [surefire-junit4-2.18.1.jar:2.18.1]
	at org.apache.maven.surefire.junit4.JUnit4Provider.executeWithRerun(JUnit4Provider.java:173) [surefire-junit4-2.18.1.jar:2.18.1]
	at org.apache.maven.surefire.junit4.JUnit4Provider.executeTestSet(JUnit4Provider.java:153) [surefire-junit4-2.18.1.jar:2.18.1]
	at org.apache.maven.surefire.junit4.JUnit4Provider.invoke(JUnit4Provider.java:128) [surefire-junit4-2.18.1.jar:2.18.1]
	at org.apache.maven.surefire.booter.ForkedBooter.invokeProviderInSameClassLoader(ForkedBooter.java:203) [surefire-booter-2.18.1.jar:2.18.1]
	at org.apache.maven.surefire.booter.ForkedBooter.runSuitesInProcess(ForkedBooter.java:155) [surefire-booter-2.18.1.jar:2.18.1]
	at org.apache.maven.surefire.booter.ForkedBooter.main(ForkedBooter.java:103) [surefire-booter-2.18.1.jar:2.18.1]
Caused by: javax.persistence.PersistenceException: [PersistenceUnit: default] Unable to build Hibernate SessionFactory
	at org.hibernate.jpa.boot.internal.EntityManagerFactoryBuilderImpl.persistenceException(EntityManagerFactoryBuilderImpl.java:954) ~[hibernate-entitymanager-5.0.12.Final.jar:5.0.12.Final]
	at org.hibernate.jpa.boot.internal.EntityManagerFactoryBuilderImpl.build(EntityManagerFactoryBuilderImpl.java:882) ~[hibernate-entitymanager-5.0.12.Final.jar:5.0.12.Final]
	at org.springframework.orm.jpa.vendor.SpringHibernateJpaPersistenceProvider.createContainerEntityManagerFactory(SpringHibernateJpaPersistenceProvider.java:60) ~[spring-orm-4.3.13.RELEASE.jar:4.3.13.RELEASE]
	at org.springframework.orm.jpa.LocalContainerEntityManagerFactoryBean.createNativeEntityManagerFactory(LocalContainerEntityManagerFactoryBean.java:360) ~[spring-orm-4.3.13.RELEASE.jar:4.3.13.RELEASE]
	at org.springframework.orm.jpa.AbstractEntityManagerFactoryBean.buildNativeEntityManagerFactory(AbstractEntityManagerFactoryBean.java:382) ~[spring-orm-4.3.13.RELEASE.jar:4.3.13.RELEASE]
	at org.springframework.orm.jpa.AbstractEntityManagerFactoryBean.afterPropertiesSet(AbstractEntityManagerFactoryBean.java:371) ~[spring-orm-4.3.13.RELEASE.jar:4.3.13.RELEASE]
	at org.springframework.orm.jpa.LocalContainerEntityManagerFactoryBean.afterPropertiesSet(LocalContainerEntityManagerFactoryBean.java:336) ~[spring-orm-4.3.13.RELEASE.jar:4.3.13.RELEASE]
	at org.springframework.beans.factory.support.AbstractAutowireCapableBeanFactory.invokeInitMethods(AbstractAutowireCapableBeanFactory.java:1687) ~[spring-beans-4.3.13.RELEASE.jar:4.3.13.RELEASE]
	at org.springframework.beans.factory.support.AbstractAutowireCapableBeanFactory.initializeBean(AbstractAutowireCapableBeanFactory.java:1624) ~[spring-beans-4.3.13.RELEASE.jar:4.3.13.RELEASE]
	... 41 common frames omitted
Caused by: org.hibernate.loader.MultipleBagFetchException: cannot simultaneously fetch multiple bags: [com.jinnysaw.myQuiz.models.School.academicyears, com.jinnysaw.myQuiz.models.School.teachers]
	at org.hibernate.loader.plan.exec.internal.AbstractLoadQueryDetails.generate(AbstractLoadQueryDetails.java:178) ~[hibernate-core-5.0.12.Final.jar:5.0.12.Final]
	at org.hibernate.loader.plan.exec.internal.EntityLoadQueryDetails.<init>(EntityLoadQueryDetails.java:89) ~[hibernate-core-5.0.12.Final.jar:5.0.12.Final]
	at org.hibernate.loader.plan.exec.internal.BatchingLoadQueryDetailsFactory.makeEntityLoadQueryDetails(BatchingLoadQueryDetailsFactory.java:61) ~[hibernate-core-5.0.12.Final.jar:5.0.12.Final]
	at org.hibernate.loader.entity.plan.AbstractLoadPlanBasedEntityLoader.<init>(AbstractLoadPlanBasedEntityLoader.java:82) ~[hibernate-core-5.0.12.Final.jar:5.0.12.Final]
	at org.hibernate.loader.entity.plan.EntityLoader.<init>(EntityLoader.java:103) ~[hibernate-core-5.0.12.Final.jar:5.0.12.Final]
	at org.hibernate.loader.entity.plan.EntityLoader.<init>(EntityLoader.java:38) ~[hibernate-core-5.0.12.Final.jar:5.0.12.Final]
	at org.hibernate.loader.entity.plan.EntityLoader$Builder.byUniqueKey(EntityLoader.java:83) ~[hibernate-core-5.0.12.Final.jar:5.0.12.Final]
	at org.hibernate.loader.entity.plan.EntityLoader$Builder.byPrimaryKey(EntityLoader.java:77) ~[hibernate-core-5.0.12.Final.jar:5.0.12.Final]
	at org.hibernate.loader.entity.plan.AbstractBatchingEntityLoaderBuilder.buildNonBatchingLoader(AbstractBatchingEntityLoaderBuilder.java:30) ~[hibernate-core-5.0.12.Final.jar:5.0.12.Final]
	at org.hibernate.loader.entity.BatchingEntityLoaderBuilder.buildLoader(BatchingEntityLoaderBuilder.java:59) ~[hibernate-core-5.0.12.Final.jar:5.0.12.Final]
	at org.hibernate.persister.entity.AbstractEntityPersister.createEntityLoader(AbstractEntityPersister.java:2306) ~[hibernate-core-5.0.12.Final.jar:5.0.12.Final]
	at org.hibernate.persister.entity.AbstractEntityPersister.createEntityLoader(AbstractEntityPersister.java:2328) ~[hibernate-core-5.0.12.Final.jar:5.0.12.Final]
	at org.hibernate.persister.entity.AbstractEntityPersister.createLoaders(AbstractEntityPersister.java:3928) ~[hibernate-core-5.0.12.Final.jar:5.0.12.Final]
	at org.hibernate.persister.entity.AbstractEntityPersister.postInstantiate(AbstractEntityPersister.java:3910) ~[hibernate-core-5.0.12.Final.jar:5.0.12.Final]
	at org.hibernate.internal.SessionFactoryImpl.<init>(SessionFactoryImpl.java:446) ~[hibernate-core-5.0.12.Final.jar:5.0.12.Final]
	at org.hibernate.boot.internal.SessionFactoryBuilderImpl.build(SessionFactoryBuilderImpl.java:444) ~[hibernate-core-5.0.12.Final.jar:5.0.12.Final]
	at org.hibernate.jpa.boot.internal.EntityManagerFactoryBuilderImpl.build(EntityManagerFactoryBuilderImpl.java:879) ~[hibernate-entitymanager-5.0.12.Final.jar:5.0.12.Final]
	... 48 common frames omitted

2018-02-19 21:22:14.308 ERROR 926 --- [           main] o.s.test.context.TestContextManager      : Caught exception while allowing TestExecutionListener [org.springframework.test.context.web.ServletTestExecutionListener@3bbc39f8] to prepare test instance [com.jinnysaw.myQuiz.MyQuizApplicationTests@bd93bc3]

java.lang.IllegalStateException: Failed to load ApplicationContext
	at org.springframework.test.context.cache.DefaultCacheAwareContextLoaderDelegate.loadContext(DefaultCacheAwareContextLoaderDelegate.java:124) ~[spring-test-4.3.13.RELEASE.jar:4.3.13.RELEASE]
	at org.springframework.test.context.support.DefaultTestContext.getApplicationContext(DefaultTestContext.java:83) ~[spring-test-4.3.13.RELEASE.jar:4.3.13.RELEASE]
	at org.springframework.test.context.web.ServletTestExecutionListener.setUpRequestContextIfNecessary(ServletTestExecutionListener.java:189) ~[spring-test-4.3.13.RELEASE.jar:4.3.13.RELEASE]
	at org.springframework.test.context.web.ServletTestExecutionListener.prepareTestInstance(ServletTestExecutionListener.java:131) ~[spring-test-4.3.13.RELEASE.jar:4.3.13.RELEASE]
	at org.springframework.test.context.TestContextManager.prepareTestInstance(TestContextManager.java:230) ~[spring-test-4.3.13.RELEASE.jar:4.3.13.RELEASE]
	at org.springframework.test.context.junit4.SpringJUnit4ClassRunner.createTest(SpringJUnit4ClassRunner.java:228) [spring-test-4.3.13.RELEASE.jar:4.3.13.RELEASE]
	at org.springframework.test.context.junit4.SpringJUnit4ClassRunner$1.runReflectiveCall(SpringJUnit4ClassRunner.java:287) [spring-test-4.3.13.RELEASE.jar:4.3.13.RELEASE]
	at org.junit.internal.runners.model.ReflectiveCallable.run(ReflectiveCallable.java:12) [junit-4.12.jar:4.12]
	at org.springframework.test.context.junit4.SpringJUnit4ClassRunner.methodBlock(SpringJUnit4ClassRunner.java:289) [spring-test-4.3.13.RELEASE.jar:4.3.13.RELEASE]
	at org.springframework.test.context.junit4.SpringJUnit4ClassRunner.runChild(SpringJUnit4ClassRunner.java:247) [spring-test-4.3.13.RELEASE.jar:4.3.13.RELEASE]
	at org.springframework.test.context.junit4.SpringJUnit4ClassRunner.runChild(SpringJUnit4ClassRunner.java:94) [spring-test-4.3.13.RELEASE.jar:4.3.13.RELEASE]
	at org.junit.runners.ParentRunner$3.run(ParentRunner.java:290) [junit-4.12.jar:4.12]
	at org.junit.runners.ParentRunner$1.schedule(ParentRunner.java:71) [junit-4.12.jar:4.12]
	at org.junit.runners.ParentRunner.runChildren(ParentRunner.java:288) [junit-4.12.jar:4.12]
	at org.junit.runners.ParentRunner.access$000(ParentRunner.java:58) [junit-4.12.jar:4.12]
	at org.junit.runners.ParentRunner$2.evaluate(ParentRunner.java:268) [junit-4.12.jar:4.12]
	at org.springframework.test.context.junit4.statements.RunBeforeTestClassCallbacks.evaluate(RunBeforeTestClassCallbacks.java:61) [spring-test-4.3.13.RELEASE.jar:4.3.13.RELEASE]
	at org.springframework.test.context.junit4.statements.RunAfterTestClassCallbacks.evaluate(RunAfterTestClassCallbacks.java:70) [spring-test-4.3.13.RELEASE.jar:4.3.13.RELEASE]
	at org.junit.runners.ParentRunner.run(ParentRunner.java:363) [junit-4.12.jar:4.12]
	at org.springframework.test.context.junit4.SpringJUnit4ClassRunner.run(SpringJUnit4ClassRunner.java:191) [spring-test-4.3.13.RELEASE.jar:4.3.13.RELEASE]
	at org.apache.maven.surefire.junit4.JUnit4Provider.execute(JUnit4Provider.java:283) [surefire-junit4-2.18.1.jar:2.18.1]
	at org.apache.maven.surefire.junit4.JUnit4Provider.executeWithRerun(JUnit4Provider.java:173) [surefire-junit4-2.18.1.jar:2.18.1]
	at org.apache.maven.surefire.junit4.JUnit4Provider.executeTestSet(JUnit4Provider.java:153) [surefire-junit4-2.18.1.jar:2.18.1]
	at org.apache.maven.surefire.junit4.JUnit4Provider.invoke(JUnit4Provider.java:128) [surefire-junit4-2.18.1.jar:2.18.1]
	at org.apache.maven.surefire.booter.ForkedBooter.invokeProviderInSameClassLoader(ForkedBooter.java:203) [surefire-booter-2.18.1.jar:2.18.1]
	at org.apache.maven.surefire.booter.ForkedBooter.runSuitesInProcess(ForkedBooter.java:155) [surefire-booter-2.18.1.jar:2.18.1]
	at org.apache.maven.surefire.booter.ForkedBooter.main(ForkedBooter.java:103) [surefire-booter-2.18.1.jar:2.18.1]
Caused by: org.springframework.beans.factory.BeanCreationException: Error creating bean with name 'entityManagerFactory' defined in class path resource [org/springframework/boot/autoconfigure/orm/jpa/HibernateJpaAutoConfiguration.class]: Invocation of init method failed; nested exception is javax.persistence.PersistenceException: [PersistenceUnit: default] Unable to build Hibernate SessionFactory
	at org.springframework.beans.factory.support.AbstractAutowireCapableBeanFactory.initializeBean(AbstractAutowireCapableBeanFactory.java:1628) ~[spring-beans-4.3.13.RELEASE.jar:4.3.13.RELEASE]
	at org.springframework.beans.factory.support.AbstractAutowireCapableBeanFactory.doCreateBean(AbstractAutowireCapableBeanFactory.java:555) ~[spring-beans-4.3.13.RELEASE.jar:4.3.13.RELEASE]
	at org.springframework.beans.factory.support.AbstractAutowireCapableBeanFactory.createBean(AbstractAutowireCapableBeanFactory.java:483) ~[spring-beans-4.3.13.RELEASE.jar:4.3.13.RELEASE]
	at org.springframework.beans.factory.support.AbstractBeanFactory$1.getObject(AbstractBeanFactory.java:306) ~[spring-beans-4.3.13.RELEASE.jar:4.3.13.RELEASE]
	at org.springframework.beans.factory.support.DefaultSingletonBeanRegistry.getSingleton(DefaultSingletonBeanRegistry.java:230) ~[spring-beans-4.3.13.RELEASE.jar:4.3.13.RELEASE]
	at org.springframework.beans.factory.support.AbstractBeanFactory.doGetBean(AbstractBeanFactory.java:302) ~[spring-beans-4.3.13.RELEASE.jar:4.3.13.RELEASE]
	at org.springframework.beans.factory.support.AbstractBeanFactory.getBean(AbstractBeanFactory.java:197) ~[spring-beans-4.3.13.RELEASE.jar:4.3.13.RELEASE]
	at org.springframework.context.support.AbstractApplicationContext.getBean(AbstractApplicationContext.java:1080) ~[spring-context-4.3.13.RELEASE.jar:4.3.13.RELEASE]
	at org.springframework.context.support.AbstractApplicationContext.finishBeanFactoryInitialization(AbstractApplicationContext.java:857) ~[spring-context-4.3.13.RELEASE.jar:4.3.13.RELEASE]
	at org.springframework.context.support.AbstractApplicationContext.refresh(AbstractApplicationContext.java:543) ~[spring-context-4.3.13.RELEASE.jar:4.3.13.RELEASE]
	at org.springframework.boot.SpringApplication.refresh(SpringApplication.java:693) ~[spring-boot-1.5.9.RELEASE.jar:1.5.9.RELEASE]
	at org.springframework.boot.SpringApplication.refreshContext(SpringApplication.java:360) ~[spring-boot-1.5.9.RELEASE.jar:1.5.9.RELEASE]
	at org.springframework.boot.SpringApplication.run(SpringApplication.java:303) ~[spring-boot-1.5.9.RELEASE.jar:1.5.9.RELEASE]
	at org.springframework.boot.test.context.SpringBootContextLoader.loadContext(SpringBootContextLoader.java:120) ~[spring-boot-test-1.5.9.RELEASE.jar:1.5.9.RELEASE]
	at org.springframework.test.context.cache.DefaultCacheAwareContextLoaderDelegate.loadContextInternal(DefaultCacheAwareContextLoaderDelegate.java:98) ~[spring-test-4.3.13.RELEASE.jar:4.3.13.RELEASE]
	at org.springframework.test.context.cache.DefaultCacheAwareContextLoaderDelegate.loadContext(DefaultCacheAwareContextLoaderDelegate.java:116) ~[spring-test-4.3.13.RELEASE.jar:4.3.13.RELEASE]
	... 26 common frames omitted
Caused by: javax.persistence.PersistenceException: [PersistenceUnit: default] Unable to build Hibernate SessionFactory
	at org.hibernate.jpa.boot.internal.EntityManagerFactoryBuilderImpl.persistenceException(EntityManagerFactoryBuilderImpl.java:954) ~[hibernate-entitymanager-5.0.12.Final.jar:5.0.12.Final]
	at org.hibernate.jpa.boot.internal.EntityManagerFactoryBuilderImpl.build(EntityManagerFactoryBuilderImpl.java:882) ~[hibernate-entitymanager-5.0.12.Final.jar:5.0.12.Final]
	at org.springframework.orm.jpa.vendor.SpringHibernateJpaPersistenceProvider.createContainerEntityManagerFactory(SpringHibernateJpaPersistenceProvider.java:60) ~[spring-orm-4.3.13.RELEASE.jar:4.3.13.RELEASE]
	at org.springframework.orm.jpa.LocalContainerEntityManagerFactoryBean.createNativeEntityManagerFactory(LocalContainerEntityManagerFactoryBean.java:360) ~[spring-orm-4.3.13.RELEASE.jar:4.3.13.RELEASE]
	at org.springframework.orm.jpa.AbstractEntityManagerFactoryBean.buildNativeEntityManagerFactory(AbstractEntityManagerFactoryBean.java:382) ~[spring-orm-4.3.13.RELEASE.jar:4.3.13.RELEASE]
	at org.springframework.orm.jpa.AbstractEntityManagerFactoryBean.afterPropertiesSet(AbstractEntityManagerFactoryBean.java:371) ~[spring-orm-4.3.13.RELEASE.jar:4.3.13.RELEASE]
	at org.springframework.orm.jpa.LocalContainerEntityManagerFactoryBean.afterPropertiesSet(LocalContainerEntityManagerFactoryBean.java:336) ~[spring-orm-4.3.13.RELEASE.jar:4.3.13.RELEASE]
	at org.springframework.beans.factory.support.AbstractAutowireCapableBeanFactory.invokeInitMethods(AbstractAutowireCapableBeanFactory.java:1687) ~[spring-beans-4.3.13.RELEASE.jar:4.3.13.RELEASE]
	at org.springframework.beans.factory.support.AbstractAutowireCapableBeanFactory.initializeBean(AbstractAutowireCapableBeanFactory.java:1624) ~[spring-beans-4.3.13.RELEASE.jar:4.3.13.RELEASE]
	... 41 common frames omitted
Caused by: org.hibernate.loader.MultipleBagFetchException: cannot simultaneously fetch multiple bags: [com.jinnysaw.myQuiz.models.School.academicyears, com.jinnysaw.myQuiz.models.School.teachers]
	at org.hibernate.loader.plan.exec.internal.AbstractLoadQueryDetails.generate(AbstractLoadQueryDetails.java:178) ~[hibernate-core-5.0.12.Final.jar:5.0.12.Final]
	at org.hibernate.loader.plan.exec.internal.EntityLoadQueryDetails.<init>(EntityLoadQueryDetails.java:89) ~[hibernate-core-5.0.12.Final.jar:5.0.12.Final]
	at org.hibernate.loader.plan.exec.internal.BatchingLoadQueryDetailsFactory.makeEntityLoadQueryDetails(BatchingLoadQueryDetailsFactory.java:61) ~[hibernate-core-5.0.12.Final.jar:5.0.12.Final]
	at org.hibernate.loader.entity.plan.AbstractLoadPlanBasedEntityLoader.<init>(AbstractLoadPlanBasedEntityLoader.java:82) ~[hibernate-core-5.0.12.Final.jar:5.0.12.Final]
	at org.hibernate.loader.entity.plan.EntityLoader.<init>(EntityLoader.java:103) ~[hibernate-core-5.0.12.Final.jar:5.0.12.Final]
	at org.hibernate.loader.entity.plan.EntityLoader.<init>(EntityLoader.java:38) ~[hibernate-core-5.0.12.Final.jar:5.0.12.Final]
	at org.hibernate.loader.entity.plan.EntityLoader$Builder.byUniqueKey(EntityLoader.java:83) ~[hibernate-core-5.0.12.Final.jar:5.0.12.Final]
	at org.hibernate.loader.entity.plan.EntityLoader$Builder.byPrimaryKey(EntityLoader.java:77) ~[hibernate-core-5.0.12.Final.jar:5.0.12.Final]
	at org.hibernate.loader.entity.plan.AbstractBatchingEntityLoaderBuilder.buildNonBatchingLoader(AbstractBatchingEntityLoaderBuilder.java:30) ~[hibernate-core-5.0.12.Final.jar:5.0.12.Final]
	at org.hibernate.loader.entity.BatchingEntityLoaderBuilder.buildLoader(BatchingEntityLoaderBuilder.java:59) ~[hibernate-core-5.0.12.Final.jar:5.0.12.Final]
	at org.hibernate.persister.entity.AbstractEntityPersister.createEntityLoader(AbstractEntityPersister.java:2306) ~[hibernate-core-5.0.12.Final.jar:5.0.12.Final]
	at org.hibernate.persister.entity.AbstractEntityPersister.createEntityLoader(AbstractEntityPersister.java:2328) ~[hibernate-core-5.0.12.Final.jar:5.0.12.Final]
	at org.hibernate.persister.entity.AbstractEntityPersister.createLoaders(AbstractEntityPersister.java:3928) ~[hibernate-core-5.0.12.Final.jar:5.0.12.Final]
	at org.hibernate.persister.entity.AbstractEntityPersister.postInstantiate(AbstractEntityPersister.java:3910) ~[hibernate-core-5.0.12.Final.jar:5.0.12.Final]
	at org.hibernate.internal.SessionFactoryImpl.<init>(SessionFactoryImpl.java:446) ~[hibernate-core-5.0.12.Final.jar:5.0.12.Final]
	at org.hibernate.boot.internal.SessionFactoryBuilderImpl.build(SessionFactoryBuilderImpl.java:444) ~[hibernate-core-5.0.12.Final.jar:5.0.12.Final]
	at org.hibernate.jpa.boot.internal.EntityManagerFactoryBuilderImpl.build(EntityManagerFactoryBuilderImpl.java:879) ~[hibernate-entitymanager-5.0.12.Final.jar:5.0.12.Final]
	... 48 common frames omitted

]]></system-out>
  </testcase>
</testsuite>